#
# There is insufficient memory for the Java Runtime Environment to continue.
# Native memory allocation (malloc) failed to allocate 1231664 bytes. Error detail: Chunk::new
# Possible reasons:
#   The system is out of physical RAM or swap space
#   This process is running with CompressedOops enabled, and the Java Heap may be blocking the growth of the native heap
# Possible solutions:
#   Reduce memory load on the system
#   Increase physical memory or swap space
#   Check if swap backing store is full
#   Decrease Java heap size (-Xmx/-Xms)
#   Decrease number of Java threads
#   Decrease Java thread stack sizes (-Xss)
#   Set larger code cache with -XX:ReservedCodeCacheSize=
#   JVM is running with Unscaled Compressed Oops mode in which the Java heap is
#     placed in the first 4GB address space. The Java Heap base address is the
#     maximum limit for the native heap growth. Please use -XX:HeapBaseMinAddress
#     to set the Java Heap base and to place the Java Heap above 4GB virtual address.
# This output file may be truncated or incomplete.
#
#  Out of Memory Error (arena.cpp:168), pid=125988, tid=132920
#
# JRE version: OpenJDK Runtime Environment Temurin-21.0.9+10 (21.0.9+10) (build 21.0.9+10-LTS)
# Java VM: OpenJDK 64-Bit Server VM Temurin-21.0.9+10 (21.0.9+10-LTS, mixed mode, sharing, tiered, compressed oops, compressed class ptrs, parallel gc, windows-amd64)
# No core dump will be written. Minidumps are not enabled by default on client versions of Windows
#

---------------  S U M M A R Y ------------

Command Line: --add-modules=ALL-SYSTEM --add-opens=java.base/java.util=ALL-UNNAMED --add-opens=java.base/java.lang=ALL-UNNAMED --add-opens=java.base/sun.nio.fs=ALL-UNNAMED -Declipse.application=org.eclipse.jdt.ls.core.id1 -Dosgi.bundles.defaultStartLevel=4 -Declipse.product=org.eclipse.jdt.ls.core.product -Djava.import.generatesMetadataFilesAtProjectRoot=false -DDetectVMInstallationsJob.disabled=true -Dfile.encoding=utf8 -XX:+UseParallelGC -XX:GCTimeRatio=4 -XX:AdaptiveSizePolicyWeight=90 -Dsun.zip.disableMemoryMapping=true -Xmx2G -Xms100m -Xlog:disable -javaagent:c:\Users\cc\.trae\extensions\redhat.java-1.49.0-win32-x64\lombok\lombok-1.18.39-4050.jar -XX:+HeapDumpOnOutOfMemoryError -XX:HeapDumpPath=c:\Users\cc\AppData\Roaming\Trae\User\workspaceStorage\eaa40cd6ef464c934ee68070cc886a11\redhat.java -Daether.dependencyCollector.impl=bf c:\Users\cc\.trae\extensions\redhat.java-1.49.0-win32-x64\server\plugins\org.eclipse.equinox.launcher_1.7.100.v20251111-0406.jar -configuration c:\Users\cc\AppData\Roaming\Trae\User\globalStorage\redhat.java\1.49.0\config_win -data c:\Users\cc\AppData\Roaming\Trae\User\workspaceStorage\eaa40cd6ef464c934ee68070cc886a11\redhat.java\jdt_ws --pipe=\\.\pipe\lsp-233ff782f67fc2464a1bfa006960fa94-sock

Host: Intel(R) Core(TM) i7-14700HX, 28 cores, 15G,  Windows 11 , 64 bit Build 26100 (10.0.26100.7019)
Time: Wed Nov 26 22:27:55 2025 elapsed time: 103.825575 seconds (0d 0h 1m 43s)

---------------  T H R E A D  ---------------

Current thread (0x000001b65da11110):  JavaThread "C2 CompilerThread0" daemon [_thread_in_native, id=132920, stack(0x0000003a43d00000,0x0000003a43e00000) (1024K)]


Current CompileTask:
C2:103825 15304   !   4       java.nio.file.FileTreeWalker::next (144 bytes)

Stack: [0x0000003a43d00000,0x0000003a43e00000]
Native frames: (J=compiled Java code, j=interpreted, Vv=VM code, C=native code)
V  [jvm.dll+0x6d6e29]
V  [jvm.dll+0x8b4b76]
V  [jvm.dll+0x8b712e]
V  [jvm.dll+0x8b7813]
V  [jvm.dll+0x283d86]
V  [jvm.dll+0xc66ed]
V  [jvm.dll+0xc6c31]
V  [jvm.dll+0x3be53b]
V  [jvm.dll+0x38ab92]
V  [jvm.dll+0x389fda]
V  [jvm.dll+0x24bfa0]
V  [jvm.dll+0x24b580]
V  [jvm.dll+0x1cb13e]
V  [jvm.dll+0x25b29d]
V  [jvm.dll+0x25982a]
V  [jvm.dll+0x3f7ea6]
V  [jvm.dll+0x85e9ad]
V  [jvm.dll+0x6d565d]
C  [ucrtbase.dll+0x37b0]
C  [KERNEL32.DLL+0x2e8d7]
C  [ntdll.dll+0x8c53c]


---------------  P R O C E S S  ---------------

Threads class SMR info:
_java_thread_list=0x000001b64410b3b0, length=116, elements={
0x000001b65b46ee60, 0x000001b6757c2000, 0x000001b6757c4f20, 0x000001b6757ca940,
0x000001b6757cd410, 0x000001b65da06760, 0x000001b65da08dd0, 0x000001b65da11110,
0x000001b65da182b0, 0x000001b6759afda0, 0x000001b6786f7780, 0x000001b67d187f20,
0x000001b65d9cf140, 0x000001b67d32df90, 0x000001b67586ee00, 0x000001b67d505f90,
0x000001b67d535720, 0x000001b67d008070, 0x000001b67dfce930, 0x000001b67dc32fc0,
0x000001b67dc32930, 0x000001b67dc34370, 0x000001b67dc34a00, 0x000001b67dc31580,
0x000001b67dc322a0, 0x000001b67dc33650, 0x000001b67de38e00, 0x000001b67de39490,
0x000001b67de38770, 0x000001b67de39b20, 0x000001b67de3b560, 0x000001b67de380e0,
0x000001b67de3a1b0, 0x000001b67de3d630, 0x000001b67de3dcc0, 0x000001b67de3c910,
0x000001b67de3bbf0, 0x000001b67de3aed0, 0x000001b67de3cfa0, 0x000001b67de3a840,
0x000001b67de3e350, 0x000001b67de3f070, 0x000001b67de3e9e0, 0x000001b67de3f700,
0x000001b67de3c280, 0x000001b642f4c150, 0x000001b642f4e220, 0x000001b642f4c7e0,
0x000001b642f4d500, 0x000001b642f4ce70, 0x000001b642f4db90, 0x000001b642f4e8b0,
0x000001b642f4b430, 0x000001b642f4ef40, 0x000001b642f4bac0, 0x000001b642f523c0,
0x000001b642f4fc60, 0x000001b642f51d30, 0x000001b642f502f0, 0x000001b642f50980,
0x000001b642f51010, 0x000001b642f516a0, 0x000001b643789e60, 0x000001b643787070,
0x000001b643789140, 0x000001b6437869e0, 0x000001b643788ab0, 0x000001b643787d90,
0x000001b643787700, 0x000001b67e7fbba0, 0x000001b67e7fcf50, 0x000001b67e7fae80,
0x000001b67e7fe990, 0x000001b67e8010f0, 0x000001b67e7ff020, 0x000001b67e800a60,
0x000001b67e7ff6b0, 0x000001b642be9740, 0x000001b642be9dd0, 0x000001b642be7670,
0x000001b642be6950, 0x000001b642be6fe0, 0x000001b67e7ffd40, 0x000001b67e8003d0,
0x000001b642be8a20, 0x000001b642be90b0, 0x000001b67e6f47a0, 0x000001b67e6f2d60,
0x000001b67e6f19b0, 0x000001b67e6f2040, 0x000001b67e6f33f0, 0x000001b67e6f26d0,
0x000001b67d01a3e0, 0x000001b67d0196c0, 0x000001b67d019030, 0x000001b67d01d1d0,
0x000001b67d019d50, 0x000001b67d01aa70, 0x000001b67d01cb40, 0x000001b67d01d860,
0x000001b67d01be20, 0x000001b67d01c4b0, 0x000001b67d01def0, 0x000001b67d01b100,
0x000001b67d01e580, 0x000001b67d01ec10, 0x000001b67d01b790, 0x000001b67d01f2a0,
0x000001b67d01ffc0, 0x000001b67d020650, 0x000001b64227d6e0, 0x000001b64227dd70,
0x000001b64227bca0, 0x000001b64227e400, 0x000001b64227d050, 0x000001b64227c330
}

Java Threads: ( => current thread )
  0x000001b65b46ee60 JavaThread "main"                              [_thread_blocked, id=133844, stack(0x0000003a43300000,0x0000003a43400000) (1024K)]
  0x000001b6757c2000 JavaThread "Reference Handler"          daemon [_thread_blocked, id=18752, stack(0x0000003a43700000,0x0000003a43800000) (1024K)]
  0x000001b6757c4f20 JavaThread "Finalizer"                  daemon [_thread_blocked, id=60748, stack(0x0000003a43800000,0x0000003a43900000) (1024K)]
  0x000001b6757ca940 JavaThread "Signal Dispatcher"          daemon [_thread_blocked, id=132740, stack(0x0000003a43900000,0x0000003a43a00000) (1024K)]
  0x000001b6757cd410 JavaThread "Attach Listener"            daemon [_thread_blocked, id=126780, stack(0x0000003a43a00000,0x0000003a43b00000) (1024K)]
  0x000001b65da06760 JavaThread "Service Thread"             daemon [_thread_blocked, id=85824, stack(0x0000003a43b00000,0x0000003a43c00000) (1024K)]
  0x000001b65da08dd0 JavaThread "Monitor Deflation Thread"   daemon [_thread_blocked, id=104384, stack(0x0000003a43c00000,0x0000003a43d00000) (1024K)]
=>0x000001b65da11110 JavaThread "C2 CompilerThread0"         daemon [_thread_in_native, id=132920, stack(0x0000003a43d00000,0x0000003a43e00000) (1024K)]
  0x000001b65da182b0 JavaThread "C1 CompilerThread0"         daemon [_thread_blocked, id=119296, stack(0x0000003a43e00000,0x0000003a43f00000) (1024K)]
  0x000001b6759afda0 JavaThread "Common-Cleaner"             daemon [_thread_blocked, id=134160, stack(0x0000003a44100000,0x0000003a44200000) (1024K)]
  0x000001b6786f7780 JavaThread "Notification Thread"        daemon [_thread_blocked, id=134988, stack(0x0000003a44300000,0x0000003a44400000) (1024K)]
  0x000001b67d187f20 JavaThread "Active Thread: Equinox Container: 50b6cd5d-cdb0-4f53-b6a2-8ec9157d8d65"        [_thread_blocked, id=97888, stack(0x0000003a44c00000,0x0000003a44d00000) (1024K)]
  0x000001b65d9cf140 JavaThread "Refresh Thread: Equinox Container: 50b6cd5d-cdb0-4f53-b6a2-8ec9157d8d65" daemon [_thread_blocked, id=106948, stack(0x0000003a43f00000,0x0000003a44000000) (1024K)]
  0x000001b67d32df90 JavaThread "Framework Event Dispatcher: Equinox Container: 50b6cd5d-cdb0-4f53-b6a2-8ec9157d8d65" daemon [_thread_blocked, id=74196, stack(0x0000003a44000000,0x0000003a44100000) (1024K)]
  0x000001b67586ee00 JavaThread "Start Level: Equinox Container: 50b6cd5d-cdb0-4f53-b6a2-8ec9157d8d65" daemon [_thread_blocked, id=74488, stack(0x0000003a44200000,0x0000003a44300000) (1024K)]
  0x000001b67d505f90 JavaThread "Bundle File Closer"         daemon [_thread_blocked, id=124828, stack(0x0000003a45000000,0x0000003a45100000) (1024K)]
  0x000001b67d535720 JavaThread "SCR Component Actor"        daemon [_thread_blocked, id=28908, stack(0x0000003a45400000,0x0000003a45500000) (1024K)]
  0x000001b67d008070 JavaThread "Worker-JM"                         [_thread_blocked, id=132416, stack(0x0000003a45800000,0x0000003a45900000) (1024K)]
  0x000001b67dfce930 JavaThread "JNA Cleaner"                daemon [_thread_blocked, id=108336, stack(0x0000003a45c00000,0x0000003a45d00000) (1024K)]
  0x000001b67dc32fc0 JavaThread "Worker-0"                          [_thread_blocked, id=15444, stack(0x0000003a45700000,0x0000003a45800000) (1024K)]
  0x000001b67dc32930 JavaThread "Worker-1"                          [_thread_blocked, id=56480, stack(0x0000003a45f00000,0x0000003a46000000) (1024K)]
  0x000001b67dc34370 JavaThread "Worker-2"                          [_thread_blocked, id=92824, stack(0x0000003a46000000,0x0000003a46100000) (1024K)]
  0x000001b67dc34a00 JavaThread "Java indexing"              daemon [_thread_in_native, id=119324, stack(0x0000003a46600000,0x0000003a46700000) (1024K)]
  0x000001b67dc31580 JavaThread "Worker-3: Java indexing... "        [_thread_blocked, id=76844, stack(0x0000003a46700000,0x0000003a46800000) (1024K)]
  0x000001b67dc322a0 JavaThread "Worker-4: Initialize Workspace"        [_thread_in_native, id=134536, stack(0x0000003a46800000,0x0000003a46900000) (1024K)]
  0x000001b67dc33650 JavaThread "Worker-5"                          [_thread_blocked, id=134776, stack(0x0000003a46b00000,0x0000003a46c00000) (1024K)]
  0x000001b67de38e00 JavaThread "Thread-1"                   daemon [_thread_in_native, id=120100, stack(0x0000003a46c00000,0x0000003a46d00000) (1024K)]
  0x000001b67de39490 JavaThread "Thread-2"                   daemon [_thread_in_native, id=70852, stack(0x0000003a46d00000,0x0000003a46e00000) (1024K)]
  0x000001b67de38770 JavaThread "Thread-3"                   daemon [_thread_in_native, id=126016, stack(0x0000003a46e00000,0x0000003a46f00000) (1024K)]
  0x000001b67de39b20 JavaThread "Thread-4"                   daemon [_thread_in_native, id=132052, stack(0x0000003a46f00000,0x0000003a47000000) (1024K)]
  0x000001b67de3b560 JavaThread "Thread-5"                   daemon [_thread_in_native, id=133832, stack(0x0000003a47000000,0x0000003a47100000) (1024K)]
  0x000001b67de380e0 JavaThread "Thread-6"                   daemon [_thread_in_native, id=95792, stack(0x0000003a47100000,0x0000003a47200000) (1024K)]
  0x000001b67de3a1b0 JavaThread "Thread-7"                   daemon [_thread_in_native, id=130740, stack(0x0000003a47200000,0x0000003a47300000) (1024K)]
  0x000001b67de3d630 JavaThread "Thread-8"                   daemon [_thread_in_native, id=121924, stack(0x0000003a47300000,0x0000003a47400000) (1024K)]
  0x000001b67de3dcc0 JavaThread "Thread-9"                   daemon [_thread_in_native, id=134280, stack(0x0000003a47400000,0x0000003a47500000) (1024K)]
  0x000001b67de3c910 JavaThread "Thread-10"                  daemon [_thread_in_native, id=125472, stack(0x0000003a47500000,0x0000003a47600000) (1024K)]
  0x000001b67de3bbf0 JavaThread "Thread-11"                  daemon [_thread_in_native, id=28956, stack(0x0000003a47600000,0x0000003a47700000) (1024K)]
  0x000001b67de3aed0 JavaThread "Thread-12"                  daemon [_thread_in_native, id=73884, stack(0x0000003a47700000,0x0000003a47800000) (1024K)]
  0x000001b67de3cfa0 JavaThread "Thread-13"                  daemon [_thread_in_native, id=120864, stack(0x0000003a47800000,0x0000003a47900000) (1024K)]
  0x000001b67de3a840 JavaThread "Thread-14"                  daemon [_thread_in_native, id=60164, stack(0x0000003a47900000,0x0000003a47a00000) (1024K)]
  0x000001b67de3e350 JavaThread "Thread-15"                  daemon [_thread_in_native, id=23160, stack(0x0000003a47a00000,0x0000003a47b00000) (1024K)]
  0x000001b67de3f070 JavaThread "Thread-16"                  daemon [_thread_in_native, id=135668, stack(0x0000003a47b00000,0x0000003a47c00000) (1024K)]
  0x000001b67de3e9e0 JavaThread "Thread-17"                  daemon [_thread_in_native, id=102616, stack(0x0000003a47c00000,0x0000003a47d00000) (1024K)]
  0x000001b67de3f700 JavaThread "Thread-18"                  daemon [_thread_in_native, id=91232, stack(0x0000003a47d00000,0x0000003a47e00000) (1024K)]
  0x000001b67de3c280 JavaThread "Thread-19"                  daemon [_thread_in_native, id=128360, stack(0x0000003a47e00000,0x0000003a47f00000) (1024K)]
  0x000001b642f4c150 JavaThread "Thread-20"                  daemon [_thread_in_native, id=101016, stack(0x0000003a47f00000,0x0000003a48000000) (1024K)]
  0x000001b642f4e220 JavaThread "Thread-21"                  daemon [_thread_in_native, id=133216, stack(0x0000003a48000000,0x0000003a48100000) (1024K)]
  0x000001b642f4c7e0 JavaThread "Thread-22"                  daemon [_thread_in_native, id=131916, stack(0x0000003a48100000,0x0000003a48200000) (1024K)]
  0x000001b642f4d500 JavaThread "Thread-23"                  daemon [_thread_in_native, id=112340, stack(0x0000003a48200000,0x0000003a48300000) (1024K)]
  0x000001b642f4ce70 JavaThread "Thread-24"                  daemon [_thread_in_native, id=130628, stack(0x0000003a48300000,0x0000003a48400000) (1024K)]
  0x000001b642f4db90 JavaThread "Thread-25"                  daemon [_thread_in_native, id=125492, stack(0x0000003a48400000,0x0000003a48500000) (1024K)]
  0x000001b642f4e8b0 JavaThread "Thread-26"                  daemon [_thread_in_native, id=125028, stack(0x0000003a48500000,0x0000003a48600000) (1024K)]
  0x000001b642f4b430 JavaThread "Thread-27"                  daemon [_thread_in_native, id=20928, stack(0x0000003a48600000,0x0000003a48700000) (1024K)]
  0x000001b642f4ef40 JavaThread "Thread-28"                  daemon [_thread_in_native, id=127484, stack(0x0000003a48700000,0x0000003a48800000) (1024K)]
  0x000001b642f4bac0 JavaThread "Thread-29"                  daemon [_thread_in_native, id=129464, stack(0x0000003a48800000,0x0000003a48900000) (1024K)]
  0x000001b642f523c0 JavaThread "pool-2-thread-1"                   [_thread_blocked, id=99552, stack(0x0000003a48900000,0x0000003a48a00000) (1024K)]
  0x000001b642f4fc60 JavaThread "WorkspaceEventsHandler"            [_thread_blocked, id=59168, stack(0x0000003a48b00000,0x0000003a48c00000) (1024K)]
  0x000001b642f51d30 JavaThread "pool-1-thread-1"                   [_thread_blocked, id=127008, stack(0x0000003a48c00000,0x0000003a48d00000) (1024K)]
  0x000001b642f502f0 JavaThread "Worker-6"                          [_thread_blocked, id=22196, stack(0x0000003a48d00000,0x0000003a48e00000) (1024K)]
  0x000001b642f50980 JavaThread "Keep-Alive-Timer"           daemon [_thread_blocked, id=131588, stack(0x0000003a48e00000,0x0000003a48f00000) (1024K)]
  0x000001b642f51010 JavaThread "LocalFile Deleter"          daemon [_thread_blocked, id=123236, stack(0x0000003a48f00000,0x0000003a49000000) (1024K)]
  0x000001b642f516a0 JavaThread "LocalFile Deleter"          daemon [_thread_blocked, id=130976, stack(0x0000003a49000000,0x0000003a49100000) (1024K)]
  0x000001b643789e60 JavaThread "LocalFile Deleter"          daemon [_thread_blocked, id=136188, stack(0x0000003a49100000,0x0000003a49200000) (1024K)]
  0x000001b643787070 JavaThread "LocalFile Deleter"          daemon [_thread_blocked, id=130508, stack(0x0000003a49200000,0x0000003a49300000) (1024K)]
  0x000001b643789140 JavaThread "LocalFile Deleter"          daemon [_thread_blocked, id=107168, stack(0x0000003a49300000,0x0000003a49400000) (1024K)]
  0x000001b6437869e0 JavaThread "LocalFile Deleter"          daemon [_thread_blocked, id=134112, stack(0x0000003a49400000,0x0000003a49500000) (1024K)]
  0x000001b643788ab0 JavaThread "LocalFile Deleter"          daemon [_thread_blocked, id=127960, stack(0x0000003a49500000,0x0000003a49600000) (1024K)]
  0x000001b643787d90 JavaThread "LocalFile Deleter"          daemon [_thread_blocked, id=134932, stack(0x0000003a49600000,0x0000003a49700000) (1024K)]
  0x000001b643787700 JavaThread "Compiler Source File Reader" daemon [_thread_blocked, id=135392, stack(0x0000003a49700000,0x0000003a49800000) (1024K)]
  0x000001b67e7fbba0 JavaThread "Compiler Processing Task"   daemon [_thread_blocked, id=134608, stack(0x0000003a45500000,0x0000003a45600000) (1024K)]
  0x000001b67e7fcf50 JavaThread "Compiler Class File Writer" daemon [_thread_blocked, id=131536, stack(0x0000003a45b00000,0x0000003a45c00000) (1024K)]
  0x000001b67e7fae80 JavaThread "Compiler Source File Reader" daemon [_thread_blocked, id=7180, stack(0x0000003a46400000,0x0000003a46500000) (1024K)]
  0x000001b67e7fe990 JavaThread "Compiler Class File Writer" daemon [_thread_blocked, id=136016, stack(0x0000003a46300000,0x0000003a46400000) (1024K)]
  0x000001b67e8010f0 JavaThread "Compiler Source File Reader" daemon [_thread_blocked, id=103340, stack(0x0000003a49800000,0x0000003a49900000) (1024K)]
  0x000001b67e7ff020 JavaThread "Compiler Class File Writer" daemon [_thread_blocked, id=43884, stack(0x0000003a49900000,0x0000003a49a00000) (1024K)]
  0x000001b67e800a60 JavaThread "Compiler Source File Reader" daemon [_thread_blocked, id=85008, stack(0x0000003a44f00000,0x0000003a45000000) (1024K)]
  0x000001b67e7ff6b0 JavaThread "Compiler Class File Writer" daemon [_thread_blocked, id=123200, stack(0x0000003a45600000,0x0000003a45700000) (1024K)]
  0x000001b642be9740 JavaThread "LocalFile Deleter"          daemon [_thread_blocked, id=29032, stack(0x0000003a43100000,0x0000003a43200000) (1024K)]
  0x000001b642be9dd0 JavaThread "Compiler Source File Reader" daemon [_thread_blocked, id=132060, stack(0x0000003a46100000,0x0000003a46200000) (1024K)]
  0x000001b642be7670 JavaThread "Compiler Source File Reader" daemon [_thread_blocked, id=129436, stack(0x0000003a49a00000,0x0000003a49b00000) (1024K)]
  0x000001b642be6950 JavaThread "Compiler Class File Writer" daemon [_thread_blocked, id=135136, stack(0x0000003a49c00000,0x0000003a49d00000) (1024K)]
  0x000001b642be6fe0 JavaThread "Compiler Class File Writer" daemon [_thread_blocked, id=125280, stack(0x0000003a49d00000,0x0000003a49e00000) (1024K)]
  0x000001b67e7ffd40 JavaThread "Compiler Source File Reader" daemon [_thread_blocked, id=127660, stack(0x0000003a49f00000,0x0000003a4a000000) (1024K)]
  0x000001b67e8003d0 JavaThread "Compiler Source File Reader" daemon [_thread_blocked, id=136064, stack(0x0000003a4a000000,0x0000003a4a100000) (1024K)]
  0x000001b642be8a20 JavaThread "Compiler Class File Writer" daemon [_thread_blocked, id=88432, stack(0x0000003a49e00000,0x0000003a49f00000) (1024K)]
  0x000001b642be90b0 JavaThread "Compiler Class File Writer" daemon [_thread_blocked, id=124256, stack(0x0000003a4a100000,0x0000003a4a200000) (1024K)]
  0x000001b67e6f47a0 JavaThread "Compiler Source File Reader" daemon [_thread_blocked, id=134616, stack(0x0000003a4a200000,0x0000003a4a300000) (1024K)]
  0x000001b67e6f2d60 JavaThread "Compiler Class File Writer" daemon [_thread_blocked, id=129540, stack(0x0000003a4a400000,0x0000003a4a500000) (1024K)]
  0x000001b67e6f19b0 JavaThread "LocalFile Deleter"          daemon [_thread_blocked, id=134200, stack(0x0000003a43200000,0x0000003a43300000) (1024K)]
  0x000001b67e6f2040 JavaThread "LocalFile Deleter"          daemon [_thread_blocked, id=128368, stack(0x0000003a49b00000,0x0000003a49c00000) (1024K)]
  0x000001b67e6f33f0 JavaThread "LocalFile Deleter"          daemon [_thread_blocked, id=77384, stack(0x0000003a4a300000,0x0000003a4a400000) (1024K)]
  0x000001b67e6f26d0 JavaThread "LocalFile Deleter"          daemon [_thread_blocked, id=130392, stack(0x0000003a4a500000,0x0000003a4a600000) (1024K)]
  0x000001b67d01a3e0 JavaThread "LocalFile Deleter"          daemon [_thread_blocked, id=129208, stack(0x0000003a4a600000,0x0000003a4a700000) (1024K)]
  0x000001b67d0196c0 JavaThread "LocalFile Deleter"          daemon [_thread_blocked, id=102068, stack(0x0000003a4a700000,0x0000003a4a800000) (1024K)]
  0x000001b67d019030 JavaThread "LocalFile Deleter"          daemon [_thread_blocked, id=83272, stack(0x0000003a4a800000,0x0000003a4a900000) (1024K)]
  0x000001b67d01d1d0 JavaThread "LocalFile Deleter"          daemon [_thread_blocked, id=118456, stack(0x0000003a4aa00000,0x0000003a4ab00000) (1024K)]
  0x000001b67d019d50 JavaThread "Compiler Source File Reader" daemon [_thread_blocked, id=17300, stack(0x0000003a43000000,0x0000003a43100000) (1024K)]
  0x000001b67d01aa70 JavaThread "Compiler Source File Reader" daemon [_thread_blocked, id=128952, stack(0x0000003a4ab00000,0x0000003a4ac00000) (1024K)]
  0x000001b67d01cb40 JavaThread "Compiler Source File Reader" daemon [_thread_blocked, id=129660, stack(0x0000003a4ac00000,0x0000003a4ad00000) (1024K)]
  0x000001b67d01d860 JavaThread "Compiler Source File Reader" daemon [_thread_blocked, id=132448, stack(0x0000003a4ad00000,0x0000003a4ae00000) (1024K)]
  0x000001b67d01be20 JavaThread "Compiler Source File Reader" daemon [_thread_blocked, id=132120, stack(0x0000003a4ae00000,0x0000003a4af00000) (1024K)]
  0x000001b67d01c4b0 JavaThread "Compiler Source File Reader" daemon [_thread_blocked, id=127632, stack(0x0000003a4af00000,0x0000003a4b000000) (1024K)]
  0x000001b67d01def0 JavaThread "Compiler Class File Writer" daemon [_thread_blocked, id=130032, stack(0x0000003a4b500000,0x0000003a4b600000) (1024K)]
  0x000001b67d01b100 JavaThread "Compiler Class File Writer" daemon [_thread_blocked, id=127808, stack(0x0000003a4b600000,0x0000003a4b700000) (1024K)]
  0x000001b67d01e580 JavaThread "Compiler Class File Writer" daemon [_thread_blocked, id=119992, stack(0x0000003a4b700000,0x0000003a4b800000) (1024K)]
  0x000001b67d01ec10 JavaThread "Compiler Class File Writer" daemon [_thread_blocked, id=40516, stack(0x0000003a4b800000,0x0000003a4b900000) (1024K)]
  0x000001b67d01b790 JavaThread "Compiler Class File Writer" daemon [_thread_blocked, id=110560, stack(0x0000003a4b900000,0x0000003a4ba00000) (1024K)]
  0x000001b67d01f2a0 JavaThread "Compiler Class File Writer" daemon [_thread_blocked, id=134440, stack(0x0000003a4ba00000,0x0000003a4bb00000) (1024K)]
  0x000001b67d01ffc0 JavaThread "Compiler Class File Writer" daemon [_thread_blocked, id=119860, stack(0x0000003a4bb00000,0x0000003a4bc00000) (1024K)]
  0x000001b67d020650 JavaThread "Compiler Class File Writer" daemon [_thread_blocked, id=132680, stack(0x0000003a4bc00000,0x0000003a4bd00000) (1024K)]
  0x000001b64227d6e0 JavaThread "Compiler Class File Writer" daemon [_thread_blocked, id=131400, stack(0x0000003a4bd00000,0x0000003a4be00000) (1024K)]
  0x000001b64227dd70 JavaThread "Compiler Class File Writer" daemon [_thread_blocked, id=133544, stack(0x0000003a4be00000,0x0000003a4bf00000) (1024K)]
  0x000001b64227bca0 JavaThread "Compiler Class File Writer" daemon [_thread_blocked, id=134164, stack(0x0000003a4bf00000,0x0000003a4c000000) (1024K)]
  0x000001b64227e400 JavaThread "Compiler Class File Writer" daemon [_thread_blocked, id=120888, stack(0x0000003a4c000000,0x0000003a4c100000) (1024K)]
  0x000001b64227d050 JavaThread "Compiler Class File Writer" daemon [_thread_blocked, id=121448, stack(0x0000003a4c100000,0x0000003a4c200000) (1024K)]
  0x000001b64227c330 JavaThread "Compiler Class File Writer" daemon [_thread_blocked, id=123220, stack(0x0000003a4c200000,0x0000003a4c300000) (1024K)]
Total: 116

Other Threads:
  0x000001b65da02a60 VMThread "VM Thread"                           [id=129544, stack(0x0000003a43600000,0x0000003a43700000) (1024K)]
  0x000001b65d7eca00 WatcherThread "VM Periodic Task Thread"        [id=75184, stack(0x0000003a43500000,0x0000003a43600000) (1024K)]
  0x000001b65d980c10 WorkerThread "GC Thread#0"                     [id=49948, stack(0x0000003a43400000,0x0000003a43500000) (1024K)]
  0x000001b678c47770 WorkerThread "GC Thread#1"                     [id=134052, stack(0x0000003a44600000,0x0000003a44700000) (1024K)]
  0x000001b678afbe80 WorkerThread "GC Thread#2"                     [id=134644, stack(0x0000003a44700000,0x0000003a44800000) (1024K)]
  0x000001b678c47b10 WorkerThread "GC Thread#3"                     [id=10512, stack(0x0000003a44800000,0x0000003a44900000) (1024K)]
  0x000001b678c47eb0 WorkerThread "GC Thread#4"                     [id=62252, stack(0x0000003a44900000,0x0000003a44a00000) (1024K)]
  0x000001b67d2a85b0 WorkerThread "GC Thread#5"                     [id=129336, stack(0x0000003a44a00000,0x0000003a44b00000) (1024K)]
  0x000001b67d2a8950 WorkerThread "GC Thread#6"                     [id=130560, stack(0x0000003a44b00000,0x0000003a44c00000) (1024K)]
  0x000001b67d359480 WorkerThread "GC Thread#7"                     [id=133296, stack(0x0000003a44d00000,0x0000003a44e00000) (1024K)]
  0x000001b678c901f0 WorkerThread "GC Thread#8"                     [id=136052, stack(0x0000003a44400000,0x0000003a44500000) (1024K)]
  0x000001b678c90590 WorkerThread "GC Thread#9"                     [id=134008, stack(0x0000003a44500000,0x0000003a44600000) (1024K)]
  0x000001b678c90930 WorkerThread "GC Thread#10"                    [id=105556, stack(0x0000003a44e00000,0x0000003a44f00000) (1024K)]
  0x000001b678ca4d50 WorkerThread "GC Thread#11"                    [id=123008, stack(0x0000003a45100000,0x0000003a45200000) (1024K)]
  0x000001b678ca66b0 WorkerThread "GC Thread#12"                    [id=128428, stack(0x0000003a45200000,0x0000003a45300000) (1024K)]
  0x000001b678ca5490 WorkerThread "GC Thread#13"                    [id=92720, stack(0x0000003a45300000,0x0000003a45400000) (1024K)]
  0x000001b678ca50f0 WorkerThread "GC Thread#14"                    [id=121628, stack(0x0000003a45900000,0x0000003a45a00000) (1024K)]
  0x000001b678ca5f70 WorkerThread "GC Thread#15"                    [id=119248, stack(0x0000003a45a00000,0x0000003a45b00000) (1024K)]
  0x000001b678ca5bd0 WorkerThread "GC Thread#16"                    [id=79476, stack(0x0000003a45d00000,0x0000003a45e00000) (1024K)]
  0x000001b67e6a9ee0 WorkerThread "GC Thread#17"                    [id=83432, stack(0x0000003a45e00000,0x0000003a45f00000) (1024K)]
  0x000001b67e6a8cc0 WorkerThread "GC Thread#18"                    [id=66236, stack(0x0000003a46200000,0x0000003a46300000) (1024K)]
  0x000001b67e6aad60 WorkerThread "GC Thread#19"                    [id=113392, stack(0x0000003a46500000,0x0000003a46600000) (1024K)]
Total: 22

Threads with active compile tasks:
C2 CompilerThread0  103900 15304   !   4       java.nio.file.FileTreeWalker::next (144 bytes)
Total: 1

VM state: not at safepoint (normal execution)

VM Mutex/Monitor currently owned by a thread: None

Heap address: 0x0000000080000000, size: 2048 MB, Compressed Oops mode: 32-bit

CDS archive(s) mapped at: [0x000001b600000000-0x000001b600ba0000-0x000001b600ba0000), size 12189696, SharedBaseAddress: 0x000001b600000000, ArchiveRelocationMode: 1.
Compressed class space mapped at: 0x000001b601000000-0x000001b641000000, reserved size: 1073741824
Narrow klass base: 0x000001b600000000, Narrow klass shift: 0, Narrow klass range: 0x100000000

GC Precious Log:
 CardTable entry size: 512
 CPUs: 28 total, 28 available
 Memory: 16159M
 Large Page Support: Disabled
 NUMA Support: Disabled
 Compressed Oops: Enabled (32-bit)
 Alignments: Space 512K, Generation 512K, Heap 2M
 Heap Min Capacity: 100M
 Heap Initial Capacity: 100M
 Heap Max Capacity: 2G
 Pre-touch: Disabled
 Parallel Workers: 20

Heap:
 PSYoungGen      total 4608K, used 1141K [0x00000000d5580000, 0x00000000d5c00000, 0x0000000100000000)
  eden space 3584K, 13% used [0x00000000d5580000,0x00000000d55fd480,0x00000000d5900000)
  from space 1024K, 62% used [0x00000000d5900000,0x00000000d59a0000,0x00000000d5a00000)
  to   space 1024K, 0% used [0x00000000d5b00000,0x00000000d5b00000,0x00000000d5c00000)
 ParOldGen       total 351744K, used 351667K [0x0000000080000000, 0x0000000095780000, 0x00000000d5580000)
  object space 351744K, 99% used [0x0000000080000000,0x000000009576ce78,0x0000000095780000)
 Metaspace       used 70378K, committed 71872K, reserved 1114112K
  class space    used 7438K, committed 8128K, reserved 1048576K

Card table byte_map: [0x000001b65d300000,0x000001b65d710000] _byte_map_base: 0x000001b65cf00000

Marking Bits: (ParMarkBitMap*) 0x00007ffacdd12460
 Begin Bits: [0x000001b66fe10000, 0x000001b671e10000)
 End Bits:   [0x000001b671e10000, 0x000001b673e10000)

Polling page: 0x000001b65b820000

Metaspace:

Usage:
  Non-class:     61.47 MB used.
      Class:      7.26 MB used.
       Both:     68.73 MB used.

Virtual space:
  Non-class space:       64.00 MB reserved,      62.25 MB ( 97%) committed,  1 nodes.
      Class space:        1.00 GB reserved,       7.94 MB ( <1%) committed,  1 nodes.
             Both:        1.06 GB reserved,      70.19 MB (  6%) committed. 

Chunk freelists:
   Non-Class:  1.70 MB
       Class:  7.95 MB
        Both:  9.66 MB

MaxMetaspaceSize: unlimited
CompressedClassSpaceSize: 1.00 GB
Initial GC threshold: 21.00 MB
Current GC threshold: 97.31 MB
CDS: on
 - commit_granule_bytes: 65536.
 - commit_granule_words: 8192.
 - virtual_space_node_default_size: 8388608.
 - enlarge_chunks_in_place: 1.
 - use_allocation_guard: 0.


Internal statistics:

num_allocs_failed_limit: 15.
num_arena_births: 1236.
num_arena_deaths: 14.
num_vsnodes_births: 2.
num_vsnodes_deaths: 0.
num_space_committed: 1122.
num_space_uncommitted: 0.
num_chunks_returned_to_freelist: 29.
num_chunks_taken_from_freelist: 4496.
num_chunk_merges: 11.
num_chunk_splits: 2645.
num_chunks_enlarged: 1363.
num_inconsistent_stats: 0.

CodeHeap 'non-profiled nmethods': size=119168Kb used=13537Kb max_used=13537Kb free=105631Kb
 bounds [0x000001b668700000, 0x000001b669440000, 0x000001b66fb60000]
CodeHeap 'profiled nmethods': size=119104Kb used=32744Kb max_used=32744Kb free=86359Kb
 bounds [0x000001b660b60000, 0x000001b662b60000, 0x000001b667fb0000]
CodeHeap 'non-nmethods': size=7488Kb used=1474Kb max_used=3230Kb free=6013Kb
 bounds [0x000001b667fb0000, 0x000001b6682e0000, 0x000001b668700000]
CodeCache: size=245760Kb, used=47755Kb, max_used=49511Kb, free=198003Kb
 total_blobs=15055, nmethods=14264, adapters=696, full_count=0
Compilation: enabled, stopped_count=0, restarted_count=0

Compilation events (20 events):
Event: 102.769 Thread 0x000001b65da182b0 15331       1       java.nio.file.FileTreeWalker$DirectoryNode::key (5 bytes)
Event: 102.769 Thread 0x000001b65da182b0 nmethod 15331 0x000001b669437310 code [0x000001b6694374a0, 0x000001b669437568]
Event: 102.780 Thread 0x000001b65da182b0 15332       3       java.nio.file.SimpleFileVisitor::visitFile (14 bytes)
Event: 102.780 Thread 0x000001b65da182b0 nmethod 15332 0x000001b662b51710 code [0x000001b662b518e0, 0x000001b662b51c98]
Event: 102.796 Thread 0x000001b65da182b0 15333       3       sun.nio.fs.WindowsException::rethrowAsIOException (7 bytes)
Event: 102.796 Thread 0x000001b65da182b0 nmethod 15333 0x000001b662b51e10 code [0x000001b662b51fc0, 0x000001b662b52110]
Event: 102.796 Thread 0x000001b65da182b0 15334       3       sun.nio.fs.WindowsException::rethrowAsIOException (39 bytes)
Event: 102.797 Thread 0x000001b65da182b0 nmethod 15334 0x000001b662b52190 code [0x000001b662b52340, 0x000001b662b52640]
Event: 102.798 Thread 0x000001b65da182b0 15335       3       java.nio.file.Path::resolve (21 bytes)
Event: 102.798 Thread 0x000001b65da182b0 nmethod 15335 0x000001b662b52790 code [0x000001b662b52960, 0x000001b662b52d70]
Event: 102.798 Thread 0x000001b65da182b0 15336       3       sun.nio.fs.WindowsPath::compareTo (118 bytes)
Event: 102.800 Thread 0x000001b65da182b0 nmethod 15336 0x000001b662b52e90 code [0x000001b662b531c0, 0x000001b662b54608]
Event: 102.800 Thread 0x000001b65da182b0 15337       3       java.util.AbstractMap$1::iterator (9 bytes)
Event: 102.800 Thread 0x000001b65da182b0 nmethod 15337 0x000001b662b54e90 code [0x000001b662b55060, 0x000001b662b55458]
Event: 102.800 Thread 0x000001b65da182b0 15338       3       java.util.AbstractMap$1$1::<init> (29 bytes)
Event: 102.801 Thread 0x000001b65da182b0 nmethod 15338 0x000001b662b55610 code [0x000001b662b557e0, 0x000001b662b55b28]
Event: 102.817 Thread 0x000001b65da182b0 15339       3       java.util.ArrayDeque$DeqIterator::hasNext (13 bytes)
Event: 102.817 Thread 0x000001b65da182b0 nmethod 15339 0x000001b662b55c90 code [0x000001b662b55e20, 0x000001b662b55f80]
Event: 102.821 Thread 0x000001b65da182b0 15340       3       sun.nio.fs.WindowsPath$WindowsPathWithAttributes::resolve (6 bytes)
Event: 102.821 Thread 0x000001b65da182b0 nmethod 15340 0x000001b662b56010 code [0x000001b662b561c0, 0x000001b662b56300]

GC Heap History (20 events):
Event: 101.150 GC heap after
{Heap after GC invocations=545 (full 3):
 PSYoungGen      total 4096K, used 512K [0x00000000d5580000, 0x00000000d5a80000, 0x0000000100000000)
  eden space 3072K, 0% used [0x00000000d5580000,0x00000000d5580000,0x00000000d5880000)
  from space 1024K, 50% used [0x00000000d5980000,0x00000000d5a00000,0x00000000d5a80000)
  to   space 1024K, 0% used [0x00000000d5880000,0x00000000d5880000,0x00000000d5980000)
 ParOldGen       total 348672K, used 348519K [0x0000000080000000, 0x0000000095480000, 0x00000000d5580000)
  object space 348672K, 99% used [0x0000000080000000,0x0000000095459e90,0x0000000095480000)
 Metaspace       used 69842K, committed 71296K, reserved 1114112K
  class space    used 7387K, committed 8000K, reserved 1048576K
}
Event: 101.173 GC heap before
{Heap before GC invocations=546 (full 3):
 PSYoungGen      total 4096K, used 3583K [0x00000000d5580000, 0x00000000d5a80000, 0x0000000100000000)
  eden space 3072K, 99% used [0x00000000d5580000,0x00000000d587ffe0,0x00000000d5880000)
  from space 1024K, 50% used [0x00000000d5980000,0x00000000d5a00000,0x00000000d5a80000)
  to   space 1024K, 0% used [0x00000000d5880000,0x00000000d5880000,0x00000000d5980000)
 ParOldGen       total 348672K, used 348519K [0x0000000080000000, 0x0000000095480000, 0x00000000d5580000)
  object space 348672K, 99% used [0x0000000080000000,0x0000000095459e90,0x0000000095480000)
 Metaspace       used 69842K, committed 71296K, reserved 1114112K
  class space    used 7387K, committed 8000K, reserved 1048576K
}
Event: 101.175 GC heap after
{Heap after GC invocations=546 (full 3):
 PSYoungGen      total 4096K, used 672K [0x00000000d5580000, 0x00000000d5a80000, 0x0000000100000000)
  eden space 3072K, 0% used [0x00000000d5580000,0x00000000d5580000,0x00000000d5880000)
  from space 1024K, 65% used [0x00000000d5880000,0x00000000d5928000,0x00000000d5980000)
  to   space 1024K, 0% used [0x00000000d5980000,0x00000000d5980000,0x00000000d5a80000)
 ParOldGen       total 349184K, used 348775K [0x0000000080000000, 0x0000000095500000, 0x00000000d5580000)
  object space 349184K, 99% used [0x0000000080000000,0x0000000095499e90,0x0000000095500000)
 Metaspace       used 69842K, committed 71296K, reserved 1114112K
  class space    used 7387K, committed 8000K, reserved 1048576K
}
Event: 101.304 GC heap before
{Heap before GC invocations=547 (full 3):
 PSYoungGen      total 4096K, used 3744K [0x00000000d5580000, 0x00000000d5a80000, 0x0000000100000000)
  eden space 3072K, 100% used [0x00000000d5580000,0x00000000d5880000,0x00000000d5880000)
  from space 1024K, 65% used [0x00000000d5880000,0x00000000d5928000,0x00000000d5980000)
  to   space 1024K, 0% used [0x00000000d5980000,0x00000000d5980000,0x00000000d5a80000)
 ParOldGen       total 349184K, used 348775K [0x0000000080000000, 0x0000000095500000, 0x00000000d5580000)
  object space 349184K, 99% used [0x0000000080000000,0x0000000095499e90,0x0000000095500000)
 Metaspace       used 69843K, committed 71296K, reserved 1114112K
  class space    used 7387K, committed 8000K, reserved 1048576K
}
Event: 101.306 GC heap after
{Heap after GC invocations=547 (full 3):
 PSYoungGen      total 4096K, used 544K [0x00000000d5580000, 0x00000000d5a80000, 0x0000000100000000)
  eden space 3072K, 0% used [0x00000000d5580000,0x00000000d5580000,0x00000000d5880000)
  from space 1024K, 53% used [0x00000000d5980000,0x00000000d5a08000,0x00000000d5a80000)
  to   space 1024K, 0% used [0x00000000d5880000,0x00000000d5880000,0x00000000d5980000)
 ParOldGen       total 349184K, used 349064K [0x0000000080000000, 0x0000000095500000, 0x00000000d5580000)
  object space 349184K, 99% used [0x0000000080000000,0x00000000954e2138,0x0000000095500000)
 Metaspace       used 69843K, committed 71296K, reserved 1114112K
  class space    used 7387K, committed 8000K, reserved 1048576K
}
Event: 101.438 GC heap before
{Heap before GC invocations=548 (full 3):
 PSYoungGen      total 4096K, used 3616K [0x00000000d5580000, 0x00000000d5a80000, 0x0000000100000000)
  eden space 3072K, 100% used [0x00000000d5580000,0x00000000d5880000,0x00000000d5880000)
  from space 1024K, 53% used [0x00000000d5980000,0x00000000d5a08000,0x00000000d5a80000)
  to   space 1024K, 0% used [0x00000000d5880000,0x00000000d5880000,0x00000000d5980000)
 ParOldGen       total 349184K, used 349064K [0x0000000080000000, 0x0000000095500000, 0x00000000d5580000)
  object space 349184K, 99% used [0x0000000080000000,0x00000000954e2138,0x0000000095500000)
 Metaspace       used 69845K, committed 71296K, reserved 1114112K
  class space    used 7387K, committed 8000K, reserved 1048576K
}
Event: 101.441 GC heap after
{Heap after GC invocations=548 (full 3):
 PSYoungGen      total 4096K, used 704K [0x00000000d5580000, 0x00000000d5a80000, 0x0000000100000000)
  eden space 3072K, 0% used [0x00000000d5580000,0x00000000d5580000,0x00000000d5880000)
  from space 1024K, 68% used [0x00000000d5880000,0x00000000d5930000,0x00000000d5980000)
  to   space 1024K, 0% used [0x00000000d5980000,0x00000000d5980000,0x00000000d5a80000)
 ParOldGen       total 349696K, used 349273K [0x0000000080000000, 0x0000000095580000, 0x00000000d5580000)
  object space 349696K, 99% used [0x0000000080000000,0x00000000955164f0,0x0000000095580000)
 Metaspace       used 69845K, committed 71296K, reserved 1114112K
  class space    used 7387K, committed 8000K, reserved 1048576K
}
Event: 102.547 GC heap before
{Heap before GC invocations=549 (full 3):
 PSYoungGen      total 4096K, used 3775K [0x00000000d5580000, 0x00000000d5a80000, 0x0000000100000000)
  eden space 3072K, 99% used [0x00000000d5580000,0x00000000d587ffd8,0x00000000d5880000)
  from space 1024K, 68% used [0x00000000d5880000,0x00000000d5930000,0x00000000d5980000)
  to   space 1024K, 0% used [0x00000000d5980000,0x00000000d5980000,0x00000000d5a80000)
 ParOldGen       total 349696K, used 349273K [0x0000000080000000, 0x0000000095580000, 0x00000000d5580000)
  object space 349696K, 99% used [0x0000000080000000,0x00000000955164f0,0x0000000095580000)
 Metaspace       used 69853K, committed 71296K, reserved 1114112K
  class space    used 7387K, committed 8000K, reserved 1048576K
}
Event: 102.549 GC heap after
{Heap after GC invocations=549 (full 3):
 PSYoungGen      total 4096K, used 608K [0x00000000d5580000, 0x00000000d5a80000, 0x0000000100000000)
  eden space 3072K, 0% used [0x00000000d5580000,0x00000000d5580000,0x00000000d5880000)
  from space 1024K, 59% used [0x00000000d5980000,0x00000000d5a18000,0x00000000d5a80000)
  to   space 1024K, 0% used [0x00000000d5880000,0x00000000d5880000,0x00000000d5980000)
 ParOldGen       total 349696K, used 349563K [0x0000000080000000, 0x0000000095580000, 0x00000000d5580000)
  object space 349696K, 99% used [0x0000000080000000,0x000000009555ee68,0x0000000095580000)
 Metaspace       used 69853K, committed 71296K, reserved 1114112K
  class space    used 7387K, committed 8000K, reserved 1048576K
}
Event: 102.592 GC heap before
{Heap before GC invocations=550 (full 3):
 PSYoungGen      total 4096K, used 3679K [0x00000000d5580000, 0x00000000d5a80000, 0x0000000100000000)
  eden space 3072K, 99% used [0x00000000d5580000,0x00000000d587fff8,0x00000000d5880000)
  from space 1024K, 59% used [0x00000000d5980000,0x00000000d5a18000,0x00000000d5a80000)
  to   space 1024K, 0% used [0x00000000d5880000,0x00000000d5880000,0x00000000d5980000)
 ParOldGen       total 349696K, used 349563K [0x0000000080000000, 0x0000000095580000, 0x00000000d5580000)
  object space 349696K, 99% used [0x0000000080000000,0x000000009555ee68,0x0000000095580000)
 Metaspace       used 69917K, committed 71296K, reserved 1114112K
  class space    used 7397K, committed 8000K, reserved 1048576K
}
Event: 102.594 GC heap after
{Heap after GC invocations=550 (full 3):
 PSYoungGen      total 4096K, used 640K [0x00000000d5580000, 0x00000000d5a80000, 0x0000000100000000)
  eden space 3072K, 0% used [0x00000000d5580000,0x00000000d5580000,0x00000000d5880000)
  from space 1024K, 62% used [0x00000000d5880000,0x00000000d5920000,0x00000000d5980000)
  to   space 1024K, 0% used [0x00000000d5980000,0x00000000d5980000,0x00000000d5a80000)
 ParOldGen       total 350208K, used 349755K [0x0000000080000000, 0x0000000095600000, 0x00000000d5580000)
  object space 350208K, 99% used [0x0000000080000000,0x000000009558ee68,0x0000000095600000)
 Metaspace       used 69917K, committed 71296K, reserved 1114112K
  class space    used 7397K, committed 8000K, reserved 1048576K
}
Event: 102.661 GC heap before
{Heap before GC invocations=551 (full 3):
 PSYoungGen      total 4096K, used 3712K [0x00000000d5580000, 0x00000000d5a80000, 0x0000000100000000)
  eden space 3072K, 100% used [0x00000000d5580000,0x00000000d5880000,0x00000000d5880000)
  from space 1024K, 62% used [0x00000000d5880000,0x00000000d5920000,0x00000000d5980000)
  to   space 1024K, 0% used [0x00000000d5980000,0x00000000d5980000,0x00000000d5a80000)
 ParOldGen       total 350208K, used 349755K [0x0000000080000000, 0x0000000095600000, 0x00000000d5580000)
  object space 350208K, 99% used [0x0000000080000000,0x000000009558ee68,0x0000000095600000)
 Metaspace       used 70294K, committed 71808K, reserved 1114112K
  class space    used 7430K, committed 8128K, reserved 1048576K
}
Event: 102.662 GC heap after
{Heap after GC invocations=551 (full 3):
 PSYoungGen      total 4096K, used 660K [0x00000000d5580000, 0x00000000d5a80000, 0x0000000100000000)
  eden space 3072K, 0% used [0x00000000d5580000,0x00000000d5580000,0x00000000d5880000)
  from space 1024K, 64% used [0x00000000d5980000,0x00000000d5a252f0,0x00000000d5a80000)
  to   space 1024K, 0% used [0x00000000d5880000,0x00000000d5880000,0x00000000d5980000)
 ParOldGen       total 350208K, used 350082K [0x0000000080000000, 0x0000000095600000, 0x00000000d5580000)
  object space 350208K, 99% used [0x0000000080000000,0x00000000955e0a50,0x0000000095600000)
 Metaspace       used 70294K, committed 71808K, reserved 1114112K
  class space    used 7430K, committed 8128K, reserved 1048576K
}
Event: 102.752 GC heap before
{Heap before GC invocations=552 (full 3):
 PSYoungGen      total 4096K, used 3732K [0x00000000d5580000, 0x00000000d5a80000, 0x0000000100000000)
  eden space 3072K, 100% used [0x00000000d5580000,0x00000000d5880000,0x00000000d5880000)
  from space 1024K, 64% used [0x00000000d5980000,0x00000000d5a252f0,0x00000000d5a80000)
  to   space 1024K, 0% used [0x00000000d5880000,0x00000000d5880000,0x00000000d5980000)
 ParOldGen       total 350208K, used 350082K [0x0000000080000000, 0x0000000095600000, 0x00000000d5580000)
  object space 350208K, 99% used [0x0000000080000000,0x00000000955e0a50,0x0000000095600000)
 Metaspace       used 70350K, committed 71872K, reserved 1114112K
  class space    used 7435K, committed 8128K, reserved 1048576K
}
Event: 102.753 GC heap after
{Heap after GC invocations=552 (full 3):
 PSYoungGen      total 4096K, used 497K [0x00000000d5580000, 0x00000000d5a80000, 0x0000000100000000)
  eden space 3072K, 0% used [0x00000000d5580000,0x00000000d5580000,0x00000000d5880000)
  from space 1024K, 48% used [0x00000000d5880000,0x00000000d58fc698,0x00000000d5980000)
  to   space 1024K, 0% used [0x00000000d5980000,0x00000000d5980000,0x00000000d5a80000)
 ParOldGen       total 350720K, used 350272K [0x0000000080000000, 0x0000000095680000, 0x00000000d5580000)
  object space 350720K, 99% used [0x0000000080000000,0x0000000095610190,0x0000000095680000)
 Metaspace       used 70350K, committed 71872K, reserved 1114112K
  class space    used 7435K, committed 8128K, reserved 1048576K
}
Event: 102.759 GC heap before
{Heap before GC invocations=553 (full 3):
 PSYoungGen      total 4096K, used 3569K [0x00000000d5580000, 0x00000000d5a80000, 0x0000000100000000)
  eden space 3072K, 100% used [0x00000000d5580000,0x00000000d5880000,0x00000000d5880000)
  from space 1024K, 48% used [0x00000000d5880000,0x00000000d58fc698,0x00000000d5980000)
  to   space 1024K, 0% used [0x00000000d5980000,0x00000000d5980000,0x00000000d5a80000)
 ParOldGen       total 350720K, used 350272K [0x0000000080000000, 0x0000000095680000, 0x00000000d5580000)
  object space 350720K, 99% used [0x0000000080000000,0x0000000095610190,0x0000000095680000)
 Metaspace       used 70350K, committed 71872K, reserved 1114112K
  class space    used 7435K, committed 8128K, reserved 1048576K
}
Event: 102.760 GC heap after
{Heap after GC invocations=553 (full 3):
 PSYoungGen      total 4096K, used 576K [0x00000000d5580000, 0x00000000d5a80000, 0x0000000100000000)
  eden space 3072K, 0% used [0x00000000d5580000,0x00000000d5580000,0x00000000d5880000)
  from space 1024K, 56% used [0x00000000d5980000,0x00000000d5a10000,0x00000000d5a80000)
  to   space 1024K, 0% used [0x00000000d5880000,0x00000000d5880000,0x00000000d5980000)
 ParOldGen       total 350720K, used 350475K [0x0000000080000000, 0x0000000095680000, 0x00000000d5580000)
  object space 350720K, 99% used [0x0000000080000000,0x0000000095642c38,0x0000000095680000)
 Metaspace       used 70350K, committed 71872K, reserved 1114112K
  class space    used 7435K, committed 8128K, reserved 1048576K
}
Event: 102.792 GC heap before
{Heap before GC invocations=554 (full 3):
 PSYoungGen      total 4096K, used 3648K [0x00000000d5580000, 0x00000000d5a80000, 0x0000000100000000)
  eden space 3072K, 100% used [0x00000000d5580000,0x00000000d5880000,0x00000000d5880000)
  from space 1024K, 56% used [0x00000000d5980000,0x00000000d5a10000,0x00000000d5a80000)
  to   space 1024K, 0% used [0x00000000d5880000,0x00000000d5880000,0x00000000d5980000)
 ParOldGen       total 350720K, used 350475K [0x0000000080000000, 0x0000000095680000, 0x00000000d5580000)
  object space 350720K, 99% used [0x0000000080000000,0x0000000095642c38,0x0000000095680000)
 Metaspace       used 70352K, committed 71872K, reserved 1114112K
  class space    used 7435K, committed 8128K, reserved 1048576K
}
Event: 102.794 GC heap after
{Heap after GC invocations=554 (full 3):
 PSYoungGen      total 4096K, used 592K [0x00000000d5580000, 0x00000000d5a80000, 0x0000000100000000)
  eden space 3072K, 0% used [0x00000000d5580000,0x00000000d5580000,0x00000000d5880000)
  from space 1024K, 57% used [0x00000000d5880000,0x00000000d59143a0,0x00000000d5980000)
  to   space 1024K, 0% used [0x00000000d5980000,0x00000000d5980000,0x00000000d5a80000)
 ParOldGen       total 350720K, used 350651K [0x0000000080000000, 0x0000000095680000, 0x00000000d5580000)
  object space 350720K, 99% used [0x0000000080000000,0x000000009566ec38,0x0000000095680000)
 Metaspace       used 70352K, committed 71872K, reserved 1114112K
  class space    used 7435K, committed 8128K, reserved 1048576K
}
Event: 102.822 GC heap before
{Heap before GC invocations=555 (full 3):
 PSYoungGen      total 4096K, used 3664K [0x00000000d5580000, 0x00000000d5a80000, 0x0000000100000000)
  eden space 3072K, 100% used [0x00000000d5580000,0x00000000d5880000,0x00000000d5880000)
  from space 1024K, 57% used [0x00000000d5880000,0x00000000d59143a0,0x00000000d5980000)
  to   space 1024K, 0% used [0x00000000d5980000,0x00000000d5980000,0x00000000d5a80000)
 ParOldGen       total 350720K, used 350651K [0x0000000080000000, 0x0000000095680000, 0x00000000d5580000)
  object space 350720K, 99% used [0x0000000080000000,0x000000009566ec38,0x0000000095680000)
 Metaspace       used 70354K, committed 71872K, reserved 1114112K
  class space    used 7435K, committed 8128K, reserved 1048576K
}

Dll operation events (12 events):
Event: 0.097 Loaded shared library c:\Users\cc\.trae\extensions\redhat.java-1.49.0-win32-x64\jre\21.0.9-win32-x86_64\bin\java.dll
Event: 0.128 Loaded shared library c:\Users\cc\.trae\extensions\redhat.java-1.49.0-win32-x64\jre\21.0.9-win32-x86_64\bin\zip.dll
Event: 0.202 Loaded shared library C:\Users\cc\.trae\extensions\redhat.java-1.49.0-win32-x64\jre\21.0.9-win32-x86_64\bin\instrument.dll
Event: 0.373 Loaded shared library C:\Users\cc\.trae\extensions\redhat.java-1.49.0-win32-x64\jre\21.0.9-win32-x86_64\bin\net.dll
Event: 0.486 Loaded shared library C:\Users\cc\.trae\extensions\redhat.java-1.49.0-win32-x64\jre\21.0.9-win32-x86_64\bin\nio.dll
Event: 0.491 Loaded shared library C:\Users\cc\.trae\extensions\redhat.java-1.49.0-win32-x64\jre\21.0.9-win32-x86_64\bin\zip.dll
Event: 0.515 Loaded shared library C:\Users\cc\.trae\extensions\redhat.java-1.49.0-win32-x64\jre\21.0.9-win32-x86_64\bin\jimage.dll
Event: 0.694 Loaded shared library c:\Users\cc\.trae\extensions\redhat.java-1.49.0-win32-x64\jre\21.0.9-win32-x86_64\bin\verify.dll
Event: 15.411 Loaded shared library C:\Users\cc\AppData\Roaming\Trae\User\globalStorage\redhat.java\1.49.0\config_win\org.eclipse.equinox.launcher\org.eclipse.equinox.launcher.win32.win32.x86_64_1.2.1400.v20250801-0854\eclipse_11916.dll
Event: 35.195 Loaded shared library C:\Users\cc\AppData\Local\Temp\jna-3168\jna10585546758127416646.dll
Event: 41.188 Loaded shared library C:\Users\cc\.trae\extensions\redhat.java-1.49.0-win32-x64\jre\21.0.9-win32-x86_64\bin\extnet.dll
Event: 41.453 Loaded shared library C:\Users\cc\.trae\extensions\redhat.java-1.49.0-win32-x64\jre\21.0.9-win32-x86_64\bin\sunmscapi.dll

Deoptimization events (20 events):
Event: 102.669 Thread 0x000001b67dc322a0 DEOPT PACKING pc=0x000001b668a69c14 sp=0x0000003a468fede0
Event: 102.669 Thread 0x000001b67dc322a0 DEOPT UNPACKING pc=0x000001b668003aa2 sp=0x0000003a468fede0 mode 2
Event: 102.669 Thread 0x000001b67dc322a0 Uncommon trap: trap_request=0xffffff45 fr.pc=0x000001b668a65d24 relative=0x0000000000000344
Event: 102.669 Thread 0x000001b67dc322a0 Uncommon trap: reason=unstable_if action=reinterpret pc=0x000001b668a65d24 method=java.nio.file.FileTreeWalker.getAttributes(Ljava/nio/file/Path;Z)Ljava/nio/file/attribute/BasicFileAttributes; @ 8 c2
Event: 102.669 Thread 0x000001b67dc322a0 DEOPT PACKING pc=0x000001b668a65d24 sp=0x0000003a468fed20
Event: 102.669 Thread 0x000001b67dc322a0 DEOPT UNPACKING pc=0x000001b668003aa2 sp=0x0000003a468fecc0 mode 2
Event: 102.669 Thread 0x000001b67dc322a0 Uncommon trap: trap_request=0xffffffde fr.pc=0x000001b668a69c14 relative=0x0000000000001434
Event: 102.669 Thread 0x000001b67dc322a0 Uncommon trap: reason=class_check action=maybe_recompile pc=0x000001b668a69c14 method=java.nio.file.FileTreeWalker.next()Ljava/nio/file/FileTreeWalker$Event; @ 37 c2
Event: 102.669 Thread 0x000001b67dc322a0 DEOPT PACKING pc=0x000001b668a69c14 sp=0x0000003a468fede0
Event: 102.669 Thread 0x000001b67dc322a0 DEOPT UNPACKING pc=0x000001b668003aa2 sp=0x0000003a468fede0 mode 2
Event: 102.669 Thread 0x000001b67dc322a0 Uncommon trap: trap_request=0xffffffde fr.pc=0x000001b668a69c14 relative=0x0000000000001434
Event: 102.669 Thread 0x000001b67dc322a0 Uncommon trap: reason=class_check action=maybe_recompile pc=0x000001b668a69c14 method=java.nio.file.FileTreeWalker.next()Ljava/nio/file/FileTreeWalker$Event; @ 37 c2
Event: 102.669 Thread 0x000001b67dc322a0 DEOPT PACKING pc=0x000001b668a69c14 sp=0x0000003a468fede0
Event: 102.669 Thread 0x000001b67dc322a0 DEOPT UNPACKING pc=0x000001b668003aa2 sp=0x0000003a468fede0 mode 2
Event: 102.683 Thread 0x000001b67dc322a0 Uncommon trap: trap_request=0xffffff45 fr.pc=0x000001b669040ab8 relative=0x0000000000000258
Event: 102.683 Thread 0x000001b67dc322a0 Uncommon trap: reason=unstable_if action=reinterpret pc=0x000001b669040ab8 method=sun.nio.fs.NativeBuffers.releaseNativeBuffer(Lsun/nio/fs/NativeBuffer;)V @ 35 c2
Event: 102.683 Thread 0x000001b67dc322a0 DEOPT PACKING pc=0x000001b669040ab8 sp=0x0000003a468fed20
Event: 102.683 Thread 0x000001b67dc322a0 DEOPT UNPACKING pc=0x000001b668003aa2 sp=0x0000003a468feca8 mode 2
Event: 102.798 Thread 0x000001b67dc322a0 DEOPT PACKING pc=0x000001b661999a30 sp=0x0000003a468fea10
Event: 102.798 Thread 0x000001b67dc322a0 DEOPT UNPACKING pc=0x000001b668004242 sp=0x0000003a468fdef8 mode 0

Classes loaded (20 events):
Event: 94.412 Loading class java/util/zip/CheckedInputStream
Event: 94.412 Loading class java/util/zip/CheckedInputStream done
Event: 94.413 Loading class java/nio/HeapByteBufferR
Event: 94.413 Loading class java/nio/HeapByteBufferR done
Event: 94.417 Loading class java/io/SequenceInputStream
Event: 94.417 Loading class java/io/SequenceInputStream done
Event: 94.418 Loading class java/util/zip/GZIPInputStream$1
Event: 94.418 Loading class java/util/zip/GZIPInputStream$1 done
Event: 96.837 Loading class java/nio/BufferMismatch
Event: 96.838 Loading class java/nio/BufferMismatch done
Event: 102.583 Loading class jdk/internal/math/FormattedFPDecimal
Event: 102.583 Loading class jdk/internal/math/FormattedFPDecimal done
Event: 102.633 Loading class java/util/TreeMap$ValueSpliterator
Event: 102.633 Loading class java/util/TreeMap$TreeMapSpliterator
Event: 102.633 Loading class java/util/TreeMap$TreeMapSpliterator done
Event: 102.633 Loading class java/util/TreeMap$ValueSpliterator done
Event: 102.663 Loading class java/util/concurrent/CompletionException
Event: 102.664 Loading class java/util/concurrent/CompletionException done
Event: 102.667 Loading class java/nio/file/FileTreeWalker$1
Event: 102.667 Loading class java/nio/file/FileTreeWalker$1 done

Classes unloaded (7 events):
Event: 36.061 Thread 0x000001b65da02a60 Unloading class 0x000001b6011a8400 'java/lang/invoke/LambdaForm$MH+0x000001b6011a8400'
Event: 36.061 Thread 0x000001b65da02a60 Unloading class 0x000001b6011a8000 'java/lang/invoke/LambdaForm$MH+0x000001b6011a8000'
Event: 36.061 Thread 0x000001b65da02a60 Unloading class 0x000001b6011a7c00 'java/lang/invoke/LambdaForm$MH+0x000001b6011a7c00'
Event: 36.061 Thread 0x000001b65da02a60 Unloading class 0x000001b6011a7800 'java/lang/invoke/LambdaForm$MH+0x000001b6011a7800'
Event: 36.061 Thread 0x000001b65da02a60 Unloading class 0x000001b6011a7400 'java/lang/invoke/LambdaForm$BMH+0x000001b6011a7400'
Event: 36.061 Thread 0x000001b65da02a60 Unloading class 0x000001b6011a7000 'java/lang/invoke/LambdaForm$DMH+0x000001b6011a7000'
Event: 36.061 Thread 0x000001b65da02a60 Unloading class 0x000001b6011a6000 'java/lang/invoke/LambdaForm$DMH+0x000001b6011a6000'

Classes redefined (0 events):
No events

Internal exceptions (20 events):
Event: 102.810 Thread 0x000001b67dc322a0 Exception <a 'sun/nio/fs/WindowsException'{0x00000000d58651a0}> (0x00000000d58651a0) 
thrown [s\src\hotspot\share\prims\jni.cpp, line 520]
Event: 102.810 Thread 0x000001b67dc322a0 Exception <a 'sun/nio/fs/WindowsException'{0x00000000d58657d0}> (0x00000000d58657d0) 
thrown [s\src\hotspot\share\prims\jni.cpp, line 520]
Event: 102.810 Thread 0x000001b67dc322a0 Exception <a 'sun/nio/fs/WindowsException'{0x00000000d5866048}> (0x00000000d5866048) 
thrown [s\src\hotspot\share\prims\jni.cpp, line 520]
Event: 102.810 Thread 0x000001b67dc322a0 Exception <a 'sun/nio/fs/WindowsException'{0x00000000d5866698}> (0x00000000d5866698) 
thrown [s\src\hotspot\share\prims\jni.cpp, line 520]
Event: 102.813 Thread 0x000001b67dc322a0 Exception <a 'sun/nio/fs/WindowsException'{0x00000000d586aba8}> (0x00000000d586aba8) 
thrown [s\src\hotspot\share\prims\jni.cpp, line 520]
Event: 102.813 Thread 0x000001b67dc322a0 Exception <a 'sun/nio/fs/WindowsException'{0x00000000d586b1d8}> (0x00000000d586b1d8) 
thrown [s\src\hotspot\share\prims\jni.cpp, line 520]
Event: 102.813 Thread 0x000001b67dc322a0 Exception <a 'sun/nio/fs/WindowsException'{0x00000000d586bab8}> (0x00000000d586bab8) 
thrown [s\src\hotspot\share\prims\jni.cpp, line 520]
Event: 102.813 Thread 0x000001b67dc322a0 Exception <a 'sun/nio/fs/WindowsException'{0x00000000d586c108}> (0x00000000d586c108) 
thrown [s\src\hotspot\share\prims\jni.cpp, line 520]
Event: 102.816 Thread 0x000001b67dc322a0 Exception <a 'sun/nio/fs/WindowsException'{0x00000000d5871400}> (0x00000000d5871400) 
thrown [s\src\hotspot\share\prims\jni.cpp, line 520]
Event: 102.816 Thread 0x000001b67dc322a0 Exception <a 'sun/nio/fs/WindowsException'{0x00000000d5871a30}> (0x00000000d5871a30) 
thrown [s\src\hotspot\share\prims\jni.cpp, line 520]
Event: 102.816 Thread 0x000001b67dc322a0 Exception <a 'sun/nio/fs/WindowsException'{0x00000000d5872060}> (0x00000000d5872060) 
thrown [s\src\hotspot\share\prims\jni.cpp, line 520]
Event: 102.816 Thread 0x000001b67dc322a0 Exception <a 'sun/nio/fs/WindowsException'{0x00000000d58726b0}> (0x00000000d58726b0) 
thrown [s\src\hotspot\share\prims\jni.cpp, line 520]
Event: 102.818 Thread 0x000001b67dc322a0 Exception <a 'sun/nio/fs/WindowsException'{0x00000000d5876b20}> (0x00000000d5876b20) 
thrown [s\src\hotspot\share\prims\jni.cpp, line 520]
Event: 102.818 Thread 0x000001b67dc322a0 Exception <a 'sun/nio/fs/WindowsException'{0x00000000d5877150}> (0x00000000d5877150) 
thrown [s\src\hotspot\share\prims\jni.cpp, line 520]
Event: 102.818 Thread 0x000001b67dc322a0 Exception <a 'sun/nio/fs/WindowsException'{0x00000000d5877780}> (0x00000000d5877780) 
thrown [s\src\hotspot\share\prims\jni.cpp, line 520]
Event: 102.818 Thread 0x000001b67dc322a0 Exception <a 'sun/nio/fs/WindowsException'{0x00000000d5877dd0}> (0x00000000d5877dd0) 
thrown [s\src\hotspot\share\prims\jni.cpp, line 520]
Event: 102.820 Thread 0x000001b67dc322a0 Exception <a 'sun/nio/fs/WindowsException'{0x00000000d587caf8}> (0x00000000d587caf8) 
thrown [s\src\hotspot\share\prims\jni.cpp, line 520]
Event: 102.820 Thread 0x000001b67dc322a0 Exception <a 'sun/nio/fs/WindowsException'{0x00000000d587d128}> (0x00000000d587d128) 
thrown [s\src\hotspot\share\prims\jni.cpp, line 520]
Event: 102.821 Thread 0x000001b67dc322a0 Exception <a 'sun/nio/fs/WindowsException'{0x00000000d587d758}> (0x00000000d587d758) 
thrown [s\src\hotspot\share\prims\jni.cpp, line 520]
Event: 102.821 Thread 0x000001b67dc322a0 Exception <a 'sun/nio/fs/WindowsException'{0x00000000d587dda8}> (0x00000000d587dda8) 
thrown [s\src\hotspot\share\prims\jni.cpp, line 520]

ZGC Phase Switch (0 events):
No events

VM Operations (20 events):
Event: 101.441 Executing VM operation: ParallelGCFailedAllocation (Allocation Failure) done
Event: 102.442 Executing VM operation: Cleanup
Event: 102.442 Executing VM operation: Cleanup done
Event: 102.547 Executing VM operation: ParallelGCFailedAllocation (Allocation Failure)
Event: 102.549 Executing VM operation: ParallelGCFailedAllocation (Allocation Failure) done
Event: 102.575 Executing VM operation: HandshakeAllThreads (Deoptimize)
Event: 102.576 Executing VM operation: HandshakeAllThreads (Deoptimize) done
Event: 102.577 Executing VM operation: HandshakeAllThreads (Deoptimize)
Event: 102.577 Executing VM operation: HandshakeAllThreads (Deoptimize) done
Event: 102.592 Executing VM operation: ParallelGCFailedAllocation (Allocation Failure)
Event: 102.594 Executing VM operation: ParallelGCFailedAllocation (Allocation Failure) done
Event: 102.661 Executing VM operation: ParallelGCFailedAllocation (Allocation Failure)
Event: 102.663 Executing VM operation: ParallelGCFailedAllocation (Allocation Failure) done
Event: 102.752 Executing VM operation: ParallelGCFailedAllocation (Allocation Failure)
Event: 102.753 Executing VM operation: ParallelGCFailedAllocation (Allocation Failure) done
Event: 102.759 Executing VM operation: ParallelGCFailedAllocation (Allocation Failure)
Event: 102.760 Executing VM operation: ParallelGCFailedAllocation (Allocation Failure) done
Event: 102.792 Executing VM operation: ParallelGCFailedAllocation (Allocation Failure)
Event: 102.794 Executing VM operation: ParallelGCFailedAllocation (Allocation Failure) done
Event: 102.822 Executing VM operation: ParallelGCFailedAllocation (Allocation Failure)

Memory protections (0 events):
No events

Nmethod flushes (20 events):
Event: 46.433 Thread 0x000001b65da02a60 flushing  nmethod 0x000001b661768d10
Event: 46.433 Thread 0x000001b65da02a60 flushing  nmethod 0x000001b66179d710
Event: 46.433 Thread 0x000001b65da02a60 flushing  nmethod 0x000001b6617a4e10
Event: 46.433 Thread 0x000001b65da02a60 flushing  nmethod 0x000001b6617a5a10
Event: 46.433 Thread 0x000001b65da02a60 flushing  nmethod 0x000001b6617c0a90
Event: 46.433 Thread 0x000001b65da02a60 flushing  nmethod 0x000001b6617c4710
Event: 46.433 Thread 0x000001b65da02a60 flushing  nmethod 0x000001b6617c7410
Event: 46.433 Thread 0x000001b65da02a60 flushing  nmethod 0x000001b6617c9590
Event: 46.433 Thread 0x000001b65da02a60 flushing  nmethod 0x000001b6617cdb90
Event: 46.433 Thread 0x000001b65da02a60 flushing  nmethod 0x000001b6617e9f90
Event: 46.433 Thread 0x000001b65da02a60 flushing  nmethod 0x000001b6617ea590
Event: 46.433 Thread 0x000001b65da02a60 flushing  nmethod 0x000001b6617ed990
Event: 46.433 Thread 0x000001b65da02a60 flushing  nmethod 0x000001b6617eee10
Event: 46.433 Thread 0x000001b65da02a60 flushing  nmethod 0x000001b6617ef790
Event: 46.433 Thread 0x000001b65da02a60 flushing  nmethod 0x000001b6617f3890
Event: 46.433 Thread 0x000001b65da02a60 flushing  nmethod 0x000001b6617f7390
Event: 46.433 Thread 0x000001b65da02a60 flushing  nmethod 0x000001b66181ce10
Event: 46.433 Thread 0x000001b65da02a60 flushing  nmethod 0x000001b661846210
Event: 46.433 Thread 0x000001b65da02a60 flushing  nmethod 0x000001b661863190
Event: 46.433 Thread 0x000001b65da02a60 flushing  nmethod 0x000001b661863510

Events (20 events):
Event: 97.864 Thread 0x000001b67dc32930 Thread added: 0x000001b64227c330
Event: 98.487 Thread 0x000001b67eb2f2d0 Thread exited: 0x000001b67eb2f2d0
Event: 98.488 Thread 0x000001b67eb2d0c0 Thread exited: 0x000001b67eb2d0c0
Event: 98.727 Thread 0x000001b67eb2f9a0 Thread exited: 0x000001b67eb2f9a0
Event: 98.727 Thread 0x000001b67eb2d790 Thread exited: 0x000001b67eb2d790
Event: 99.238 Thread 0x000001b67eb30070 Thread exited: 0x000001b67eb30070
Event: 99.292 Thread 0x000001b67dc32930 Thread added: 0x000001b64227ea90
Event: 99.292 Thread 0x000001b67dc32930 Thread added: 0x000001b64227c9c0
Event: 99.292 Thread 0x000001b67dc32930 Thread added: 0x000001b64227b610
Event: 99.292 Thread 0x000001b67dc32930 Thread added: 0x000001b64227fe40
Event: 99.292 Thread 0x000001b67dc32930 Thread added: 0x000001b6422804d0
Event: 99.440 Thread 0x000001b65da11110 Thread added: 0x000001b67eb2d0c0
Event: 99.589 Thread 0x000001b65da182b0 Thread added: 0x000001b67eb2f2d0
Event: 101.173 Thread 0x000001b6422804d0 Thread exited: 0x000001b6422804d0
Event: 101.173 Thread 0x000001b64227fe40 Thread exited: 0x000001b64227fe40
Event: 101.173 Thread 0x000001b64227ea90 Thread exited: 0x000001b64227ea90
Event: 101.173 Thread 0x000001b64227b610 Thread exited: 0x000001b64227b610
Event: 101.173 Thread 0x000001b64227c9c0 Thread exited: 0x000001b64227c9c0
Event: 101.427 Thread 0x000001b67eb2f2d0 Thread exited: 0x000001b67eb2f2d0
Event: 101.428 Thread 0x000001b67eb2d0c0 Thread exited: 0x000001b67eb2d0c0


Dynamic libraries:
0x00007ff6f7e60000 - 0x00007ff6f7e6e000 	c:\Users\cc\.trae\extensions\redhat.java-1.49.0-win32-x64\jre\21.0.9-win32-x86_64\bin\java.exe
0x00007ffbcdea0000 - 0x00007ffbce108000 	C:\WINDOWS\SYSTEM32\ntdll.dll
0x00007ffbcd0d0000 - 0x00007ffbcd199000 	C:\WINDOWS\System32\KERNEL32.DLL
0x00007ffbcb490000 - 0x00007ffbcb888000 	C:\WINDOWS\System32\KERNELBASE.dll
0x00007ffbcb970000 - 0x00007ffbcbabb000 	C:\WINDOWS\System32\ucrtbase.dll
0x00007ffb99390000 - 0x00007ffb993a8000 	c:\Users\cc\.trae\extensions\redhat.java-1.49.0-win32-x64\jre\21.0.9-win32-x86_64\bin\jli.dll
0x00007ffb993b0000 - 0x00007ffb993ce000 	c:\Users\cc\.trae\extensions\redhat.java-1.49.0-win32-x64\jre\21.0.9-win32-x86_64\bin\VCRUNTIME140.dll
0x00007ffbcc100000 - 0x00007ffbcc2c7000 	C:\WINDOWS\System32\USER32.dll
0x00007ffbcb940000 - 0x00007ffbcb967000 	C:\WINDOWS\System32\win32u.dll
0x00007ffbcd300000 - 0x00007ffbcd32b000 	C:\WINDOWS\System32\GDI32.dll
0x00007ffbcb130000 - 0x00007ffbcb25c000 	C:\WINDOWS\System32\gdi32full.dll
0x00007ffbcb890000 - 0x00007ffbcb933000 	C:\WINDOWS\System32\msvcp_win.dll
0x00007ffbb28c0000 - 0x00007ffbb2b54000 	C:\WINDOWS\WinSxS\amd64_microsoft.windows.common-controls_6595b64144ccf1df_6.0.26100.7019_none_3e06ffa0e335b8a8\COMCTL32.dll
0x00007ffbcc2e0000 - 0x00007ffbcc389000 	C:\WINDOWS\System32\msvcrt.dll
0x00007ffbcd580000 - 0x00007ffbcd5b1000 	C:\WINDOWS\System32\IMM32.DLL
0x00007ffba21d0000 - 0x00007ffba21dc000 	c:\Users\cc\.trae\extensions\redhat.java-1.49.0-win32-x64\jre\21.0.9-win32-x86_64\bin\vcruntime140_1.dll
0x00007ffb7f950000 - 0x00007ffb7f9dd000 	c:\Users\cc\.trae\extensions\redhat.java-1.49.0-win32-x64\jre\21.0.9-win32-x86_64\bin\msvcp140.dll
0x00007ffacd050000 - 0x00007ffacddf0000 	c:\Users\cc\.trae\extensions\redhat.java-1.49.0-win32-x64\jre\21.0.9-win32-x86_64\bin\server\jvm.dll
0x00007ffbccd30000 - 0x00007ffbccde4000 	C:\WINDOWS\System32\ADVAPI32.dll
0x00007ffbccdf0000 - 0x00007ffbcce96000 	C:\WINDOWS\System32\sechost.dll
0x00007ffbcd9b0000 - 0x00007ffbcdac8000 	C:\WINDOWS\System32\RPCRT4.dll
0x00007ffbccb60000 - 0x00007ffbccbd4000 	C:\WINDOWS\System32\WS2_32.dll
0x00007ffbcae50000 - 0x00007ffbcaeae000 	C:\WINDOWS\SYSTEM32\POWRPROF.dll
0x00007ffbc4500000 - 0x00007ffbc450b000 	C:\WINDOWS\SYSTEM32\VERSION.dll
0x00007ffbc58c0000 - 0x00007ffbc58f5000 	C:\WINDOWS\SYSTEM32\WINMM.dll
0x00007ffbcae30000 - 0x00007ffbcae44000 	C:\WINDOWS\SYSTEM32\UMPDC.dll
0x00007ffbc9db0000 - 0x00007ffbc9dcb000 	C:\WINDOWS\SYSTEM32\kernel.appcore.dll
0x00007ffb99360000 - 0x00007ffb9936a000 	c:\Users\cc\.trae\extensions\redhat.java-1.49.0-win32-x64\jre\21.0.9-win32-x86_64\bin\jimage.dll
0x00007ffbc8670000 - 0x00007ffbc88b2000 	C:\WINDOWS\SYSTEM32\DBGHELP.DLL
0x00007ffbcdad0000 - 0x00007ffbcde5b000 	C:\WINDOWS\System32\combase.dll
0x00007ffbcd1a0000 - 0x00007ffbcd277000 	C:\WINDOWS\System32\OLEAUT32.dll
0x00007ffbb0340000 - 0x00007ffbb037c000 	C:\WINDOWS\SYSTEM32\dbgcore.DLL
0x00007ffbcaff0000 - 0x00007ffbcb095000 	C:\WINDOWS\System32\bcryptPrimitives.dll
0x00007ffb94d50000 - 0x00007ffb94d5f000 	c:\Users\cc\.trae\extensions\redhat.java-1.49.0-win32-x64\jre\21.0.9-win32-x86_64\bin\instrument.dll
0x00007ffb8d050000 - 0x00007ffb8d070000 	c:\Users\cc\.trae\extensions\redhat.java-1.49.0-win32-x64\jre\21.0.9-win32-x86_64\bin\java.dll
0x00007ffbcc390000 - 0x00007ffbccadf000 	C:\WINDOWS\System32\SHELL32.dll
0x00007ffbcb260000 - 0x00007ffbcb3cb000 	C:\WINDOWS\System32\wintypes.dll
0x00007ffbc8c00000 - 0x00007ffbc945d000 	C:\WINDOWS\SYSTEM32\windows.storage.dll
0x00007ffbcd730000 - 0x00007ffbcd822000 	C:\WINDOWS\System32\SHCORE.dll
0x00007ffbccaf0000 - 0x00007ffbccb57000 	C:\WINDOWS\System32\shlwapi.dll
0x00007ffbcaf10000 - 0x00007ffbcaf39000 	C:\WINDOWS\SYSTEM32\profapi.dll
0x00007ffb88bb0000 - 0x00007ffb88bc8000 	c:\Users\cc\.trae\extensions\redhat.java-1.49.0-win32-x64\jre\21.0.9-win32-x86_64\bin\zip.dll
0x00007ffb94d40000 - 0x00007ffb94d50000 	C:\Users\cc\.trae\extensions\redhat.java-1.49.0-win32-x64\jre\21.0.9-win32-x86_64\bin\net.dll
0x00007ffbc0e40000 - 0x00007ffbc0f68000 	C:\WINDOWS\SYSTEM32\WINHTTP.dll
0x00007ffbca320000 - 0x00007ffbca38b000 	C:\WINDOWS\system32\mswsock.dll
0x00007ffb80d60000 - 0x00007ffb80d76000 	C:\Users\cc\.trae\extensions\redhat.java-1.49.0-win32-x64\jre\21.0.9-win32-x86_64\bin\nio.dll
0x00007ffb8a960000 - 0x00007ffb8a970000 	c:\Users\cc\.trae\extensions\redhat.java-1.49.0-win32-x64\jre\21.0.9-win32-x86_64\bin\verify.dll
0x00007ffb7a7b0000 - 0x00007ffb7a7f4000 	C:\Users\cc\AppData\Roaming\Trae\User\globalStorage\redhat.java\1.49.0\config_win\org.eclipse.equinox.launcher\org.eclipse.equinox.launcher.win32.win32.x86_64_1.2.1400.v20250801-0854\eclipse_11916.dll
0x00007ffbcd3c0000 - 0x00007ffbcd557000 	C:\WINDOWS\System32\ole32.dll
0x00007ffbca5e0000 - 0x00007ffbca5fb000 	C:\WINDOWS\SYSTEM32\CRYPTSP.dll
0x00007ffbc9d10000 - 0x00007ffbc9d4a000 	C:\WINDOWS\system32\rsaenh.dll
0x00007ffbca3d0000 - 0x00007ffbca3fb000 	C:\WINDOWS\SYSTEM32\USERENV.dll
0x00007ffbcaee0000 - 0x00007ffbcaf0a000 	C:\WINDOWS\SYSTEM32\bcrypt.dll
0x00007ffbca600000 - 0x00007ffbca60c000 	C:\WINDOWS\SYSTEM32\CRYPTBASE.dll
0x00007ffbc98d0000 - 0x00007ffbc9904000 	C:\WINDOWS\SYSTEM32\IPHLPAPI.DLL
0x00007ffbcd940000 - 0x00007ffbcd94a000 	C:\WINDOWS\System32\NSI.dll
0x00007ffb81ed0000 - 0x00007ffb81f19000 	C:\Users\cc\AppData\Local\Temp\jna-3168\jna10585546758127416646.dll
0x00007ffbcc2d0000 - 0x00007ffbcc2d8000 	C:\WINDOWS\System32\PSAPI.DLL
0x00007ffbc41c0000 - 0x00007ffbc41de000 	C:\WINDOWS\SYSTEM32\dhcpcsvc6.DLL
0x00007ffbc0860000 - 0x00007ffbc0883000 	C:\WINDOWS\SYSTEM32\dhcpcsvc.DLL
0x00007ffb8f240000 - 0x00007ffb8f249000 	C:\Users\cc\.trae\extensions\redhat.java-1.49.0-win32-x64\jre\21.0.9-win32-x86_64\bin\extnet.dll
0x00007ffb86b30000 - 0x00007ffb86b3e000 	C:\Users\cc\.trae\extensions\redhat.java-1.49.0-win32-x64\jre\21.0.9-win32-x86_64\bin\sunmscapi.dll
0x00007ffbcbac0000 - 0x00007ffbcbc37000 	C:\WINDOWS\System32\CRYPT32.dll
0x00007ffbca800000 - 0x00007ffbca830000 	C:\WINDOWS\SYSTEM32\ncrypt.dll
0x00007ffbca7b0000 - 0x00007ffbca7ef000 	C:\WINDOWS\SYSTEM32\NTASN1.dll
0x00007ffbc9910000 - 0x00007ffbc9a3c000 	C:\WINDOWS\SYSTEM32\DNSAPI.dll
0x00007ffbb60d0000 - 0x00007ffbb60db000 	C:\Windows\System32\rasadhlp.dll
0x00007ffbbf4b0000 - 0x00007ffbbf536000 	C:\WINDOWS\System32\fwpuclnt.dll
0x00007ffbc9ed0000 - 0x00007ffbc9f06000 	C:\WINDOWS\SYSTEM32\ntmarta.dll

JVMTI agents:
c:\Users\cc\.trae\extensions\redhat.java-1.49.0-win32-x64\lombok\lombok-1.18.39-4050.jar path:c:\Users\cc\.trae\extensions\redhat.java-1.49.0-win32-x64\jre\21.0.9-win32-x86_64\bin\instrument.dll, loaded, initialized, instrumentlib options:none

dbghelp: loaded successfully - version: 4.0.5 - missing functions: none
symbol engine: initialized successfully - sym options: 0x614 - pdb path: .;c:\Users\cc\.trae\extensions\redhat.java-1.49.0-win32-x64\jre\21.0.9-win32-x86_64\bin;C:\WINDOWS\SYSTEM32;C:\WINDOWS\WinSxS\amd64_microsoft.windows.common-controls_6595b64144ccf1df_6.0.26100.7019_none_3e06ffa0e335b8a8;c:\Users\cc\.trae\extensions\redhat.java-1.49.0-win32-x64\jre\21.0.9-win32-x86_64\bin\server;C:\Users\cc\AppData\Roaming\Trae\User\globalStorage\redhat.java\1.49.0\config_win\org.eclipse.equinox.launcher\org.eclipse.equinox.launcher.win32.win32.x86_64_1.2.1400.v20250801-0854;C:\Users\cc\AppData\Local\Temp\jna-3168

VM Arguments:
jvm_args: --add-modules=ALL-SYSTEM --add-opens=java.base/java.util=ALL-UNNAMED --add-opens=java.base/java.lang=ALL-UNNAMED --add-opens=java.base/sun.nio.fs=ALL-UNNAMED -Declipse.application=org.eclipse.jdt.ls.core.id1 -Dosgi.bundles.defaultStartLevel=4 -Declipse.product=org.eclipse.jdt.ls.core.product -Djava.import.generatesMetadataFilesAtProjectRoot=false -DDetectVMInstallationsJob.disabled=true -Dfile.encoding=utf8 -XX:+UseParallelGC -XX:GCTimeRatio=4 -XX:AdaptiveSizePolicyWeight=90 -Dsun.zip.disableMemoryMapping=true -Xmx2G -Xms100m -Xlog:disable -javaagent:c:\Users\cc\.trae\extensions\redhat.java-1.49.0-win32-x64\lombok\lombok-1.18.39-4050.jar -XX:+HeapDumpOnOutOfMemoryError -XX:HeapDumpPath=c:\Users\cc\AppData\Roaming\Trae\User\workspaceStorage\eaa40cd6ef464c934ee68070cc886a11\redhat.java -Daether.dependencyCollector.impl=bf 
java_command: c:\Users\cc\.trae\extensions\redhat.java-1.49.0-win32-x64\server\plugins\org.eclipse.equinox.launcher_1.7.100.v20251111-0406.jar -configuration c:\Users\cc\AppData\Roaming\Trae\User\globalStorage\redhat.java\1.49.0\config_win -data c:\Users\cc\AppData\Roaming\Trae\User\workspaceStorage\eaa40cd6ef464c934ee68070cc886a11\redhat.java\jdt_ws --pipe=\\.\pipe\lsp-233ff782f67fc2464a1bfa006960fa94-sock
java_class_path (initial): c:\Users\cc\.trae\extensions\redhat.java-1.49.0-win32-x64\server\plugins\org.eclipse.equinox.launcher_1.7.100.v20251111-0406.jar
Launcher Type: SUN_STANDARD

[Global flags]
    uintx AdaptiveSizePolicyWeight                 = 90                                        {product} {command line}
     intx CICompilerCount                          = 12                                        {product} {ergonomic}
    uintx GCTimeRatio                              = 4                                         {product} {command line}
     bool HeapDumpOnOutOfMemoryError               = true                                   {manageable} {command line}
    ccstr HeapDumpPath                             = c:\Users\cc\AppData\Roaming\Trae\User\workspaceStorage\eaa40cd6ef464c934ee68070cc886a11\redhat.java         {manageable} {command line}
   size_t InitialHeapSize                          = 104857600                                 {product} {command line}
   size_t MaxHeapSize                              = 2147483648                                {product} {command line}
   size_t MaxNewSize                               = 715653120                                 {product} {ergonomic}
   size_t MinHeapDeltaBytes                        = 524288                                    {product} {ergonomic}
   size_t MinHeapSize                              = 104857600                                 {product} {command line}
   size_t NewSize                                  = 34603008                                  {product} {ergonomic}
    uintx NonNMethodCodeHeapSize                   = 7602480                                {pd product} {ergonomic}
    uintx NonProfiledCodeHeapSize                  = 122027880                              {pd product} {ergonomic}
   size_t OldSize                                  = 70254592                                  {product} {ergonomic}
    uintx ProfiledCodeHeapSize                     = 122027880                              {pd product} {ergonomic}
    uintx ReservedCodeCacheSize                    = 251658240                              {pd product} {ergonomic}
     bool SegmentedCodeCache                       = true                                      {product} {ergonomic}
   size_t SoftMaxHeapSize                          = 2147483648                             {manageable} {ergonomic}
     bool UseCompressedOops                        = true                           {product lp64_product} {ergonomic}
     bool UseLargePagesIndividualAllocation        = false                                  {pd product} {ergonomic}
     bool UseParallelGC                            = true                                      {product} {command line}

Logging:
Log output configuration:
 #0: stdout all=off uptime,level,tags foldmultilines=false
 #1: stderr all=off uptime,level,tags foldmultilines=false

Release file:
JAVA_VERSION="21.0.9" 
MODULES="java.base java.compiler java.datatransfer java.xml java.prefs java.desktop java.instrument java.logging java.management java.security.sasl java.naming java.rmi java.management.rmi java.net.http java.scripting java.security.jgss java.transaction.xa java.sql java.sql.rowset java.xml.crypto java.se java.smartcardio jdk.accessibility jdk.internal.jvmstat jdk.attach jdk.charsets jdk.internal.opt jdk.zipfs jdk.compiler jdk.crypto.ec jdk.crypto.cryptoki jdk.crypto.mscapi jdk.dynalink jdk.internal.ed jdk.editpad jdk.hotspot.agent jdk.httpserver jdk.internal.le jdk.internal.vm.ci jdk.internal.vm.compiler jdk.internal.vm.compiler.management jdk.jartool jdk.javadoc jdk.jcmd jdk.management jdk.management.agent jdk.jconsole jdk.jdeps jdk.jdwp.agent jdk.jdi jdk.jfr jdk.jshell jdk.jsobject jdk.jstatd jdk.localedata jdk.management.jfr jdk.naming.dns jdk.naming.rmi jdk.net jdk.nio.mapmode jdk.random jdk.sctp jdk.security.auth jdk.security.jgss jdk.unsupported jdk.unsupported.desktop jdk.xml.dom" 

Environment Variables:
JAVA_HOME=D:\code_tool\jdk_version\21
PATH=C:\Users\cc\.trae\tools\gradle\latest\bin;D:\code_tool\jdk_version\21\bin;C:\Users\cc\.trae\tools\maven\latest\bin;C:\Windows\system32;C:\Windows;C:\Windows\System32\Wbem;C:\Windows\System32\WindowsPowerShell\v1.0\;C:\Windows\System32\OpenSSH\;C:\Program Files (x86)\NVIDIA Corporation\PhysX\Common;C:\Program Files\NVIDIA Corporation\NVIDIA NvDLISR;D:\Windows Kits\10\Windows Performance Toolkit\;D:\code_tool\anaconda;D:\code_tool\IntelliJ IDEA 2024.3.3\bin;C:\Program Files\Docker\Docker\resources\bin;D:\code_tool\Git\cmd;C:\WINDOWS\system32;C:\WINDOWS;C:\WINDOWS\System32\Wbem;C:\WINDOWS\System32\WindowsPowerShell\v1.0\;C:\WINDOWS\System32\OpenSSH\;D:\code_tool\nodejs\;D:\code_tool\nodejs\node_global;D:\code_tool\maven\apache-maven-3.9.9\bin;D:\code_tool\Tomcat\apache-tomcat-11.0.6\bin;D:\code_tool\mysql\bin;D:\code_tool\wechat_code_tool\web\dll;D:\code_tool\MATLAB\R2022b\runtime\win64;D:\code_tool\MATLAB\R2022b\bin;D:\code_tool\Xftp 8\;C:\Program Files\dotnet\;D:\code_tool\nodejs\;D:\code_tool\jdk_version\8\jdk-1.8\bin;d:\code_tool\Trae\bin;D:\code_tool\OpenBabel3.1.1\OpenBabel;C:\Users\cc\AppData\Local\Microsoft\WindowsApps;;D:\code_tool\pycharmcs\software\PyCharm 2024.2.1\bin;;D:\code_tool\vs_code\Microsoft VS Code\bin;D:\code_tool\IntelliJ IDEA\IntelliJ IDEA 2024.1.7\bin;;C:\Users\cc\AppData\Roaming\npm;D:\code_tool\cursor\resources\app\bin;d:\code_tool\Trae\resources\app\bin\lib
USERNAME=cc
OS=Windows_NT
PROCESSOR_IDENTIFIER=Intel64 Family 6 Model 183 Stepping 1, GenuineIntel
TMP=C:\Users\cc\AppData\Local\Temp
TEMP=C:\Users\cc\AppData\Local\Temp




Periodic native trim disabled

---------------  S Y S T E M  ---------------

OS:
 Windows 11 , 64 bit Build 26100 (10.0.26100.7019)
OS uptime: 11 days 1:01 hours
Hyper-V role detected

CPU: total 28 (initial active 28) (14 cores per cpu, 2 threads per core) family 6 model 183 stepping 1 microcode 0x123, cx8, cmov, fxsr, ht, mmx, 3dnowpref, sse, sse2, sse3, ssse3, sse4.1, sse4.2, popcnt, lzcnt, tsc, tscinvbit, avx, avx2, aes, erms, clmul, bmi1, bmi2, adx, sha, fma, vzeroupper, clflush, clflushopt, clwb, hv, serialize, rdtscp, rdpid, fsrm, f16c, cet_ibt, cet_ss
Processor Information for processor 0
  Max Mhz: 2100, Current Mhz: 2100, Mhz Limit: 2100
Processor Information for processor 1
  Max Mhz: 2100, Current Mhz: 1453, Mhz Limit: 2100
Processor Information for processor 2
  Max Mhz: 2100, Current Mhz: 2100, Mhz Limit: 2100
Processor Information for processor 3
  Max Mhz: 2100, Current Mhz: 2100, Mhz Limit: 2100
Processor Information for processor 4
  Max Mhz: 2100, Current Mhz: 2100, Mhz Limit: 2100
Processor Information for processor 5
  Max Mhz: 2100, Current Mhz: 2100, Mhz Limit: 2100
Processor Information for processor 6
  Max Mhz: 2100, Current Mhz: 2100, Mhz Limit: 2100
Processor Information for processor 7
  Max Mhz: 2100, Current Mhz: 1453, Mhz Limit: 2100
Processor Information for processor 8
  Max Mhz: 2100, Current Mhz: 2100, Mhz Limit: 2100
Processor Information for processor 9
  Max Mhz: 2100, Current Mhz: 2100, Mhz Limit: 2100
Processor Information for processor 10
  Max Mhz: 2100, Current Mhz: 2100, Mhz Limit: 2100
Processor Information for processor 11
  Max Mhz: 2100, Current Mhz: 2100, Mhz Limit: 2100
Processor Information for processor 12
  Max Mhz: 2100, Current Mhz: 2100, Mhz Limit: 2100
Processor Information for processor 13
  Max Mhz: 2100, Current Mhz: 2100, Mhz Limit: 2100
Processor Information for processor 14
  Max Mhz: 2100, Current Mhz: 2100, Mhz Limit: 2100
Processor Information for processor 15
  Max Mhz: 2100, Current Mhz: 2100, Mhz Limit: 2100
Processor Information for processor 16
  Max Mhz: 2100, Current Mhz: 2100, Mhz Limit: 2100
Processor Information for processor 17
  Max Mhz: 2100, Current Mhz: 2100, Mhz Limit: 2100
Processor Information for processor 18
  Max Mhz: 2100, Current Mhz: 1540, Mhz Limit: 2100
Processor Information for processor 19
  Max Mhz: 2100, Current Mhz: 2100, Mhz Limit: 2100
Processor Information for processor 20
  Max Mhz: 2100, Current Mhz: 2100, Mhz Limit: 2100
Processor Information for processor 21
  Max Mhz: 2100, Current Mhz: 2100, Mhz Limit: 2100
Processor Information for processor 22
  Max Mhz: 2100, Current Mhz: 1540, Mhz Limit: 2100
Processor Information for processor 23
  Max Mhz: 2100, Current Mhz: 2100, Mhz Limit: 2100
Processor Information for processor 24
  Max Mhz: 2100, Current Mhz: 2100, Mhz Limit: 2100
Processor Information for processor 25
  Max Mhz: 2100, Current Mhz: 1540, Mhz Limit: 2100
Processor Information for processor 26
  Max Mhz: 2100, Current Mhz: 1540, Mhz Limit: 2100
Processor Information for processor 27
  Max Mhz: 2100, Current Mhz: 1540, Mhz Limit: 2100

Memory: 4k page, system-wide physical 16159M (646M free)
TotalPageFile size 54559M (AvailPageFile size 28M)
current process WorkingSet (physical memory assigned to process): 587M, peak: 615M
current process commit charge ("private bytes"): 704M, peak: 727M

vm_info: OpenJDK 64-Bit Server VM (21.0.9+10-LTS) for windows-amd64 JRE (21.0.9+10-LTS), built on 2025-10-21T00:00:00Z by "admin" with unknown MS VC++:1942

END.
