#
# There is insufficient memory for the Java Runtime Environment to continue.
# Native memory allocation (malloc) failed to allocate 1287808 bytes. Error detail: Chunk::new
# Possible reasons:
#   The system is out of physical RAM or swap space
#   This process is running with CompressedOops enabled, and the Java Heap may be blocking the growth of the native heap
# Possible solutions:
#   Reduce memory load on the system
#   Increase physical memory or swap space
#   Check if swap backing store is full
#   Decrease Java heap size (-Xmx/-Xms)
#   Decrease number of Java threads
#   Decrease Java thread stack sizes (-Xss)
#   Set larger code cache with -XX:ReservedCodeCacheSize=
#   JVM is running with Unscaled Compressed Oops mode in which the Java heap is
#     placed in the first 4GB address space. The Java Heap base address is the
#     maximum limit for the native heap growth. Please use -XX:HeapBaseMinAddress
#     to set the Java Heap base and to place the Java Heap above 4GB virtual address.
# This output file may be truncated or incomplete.
#
#  Out of Memory Error (arena.cpp:168), pid=134536, tid=7776
#
# JRE version: OpenJDK Runtime Environment Temurin-21.0.9+10 (21.0.9+10) (build 21.0.9+10-LTS)
# Java VM: OpenJDK 64-Bit Server VM Temurin-21.0.9+10 (21.0.9+10-LTS, mixed mode, sharing, tiered, compressed oops, compressed class ptrs, parallel gc, windows-amd64)
# No core dump will be written. Minidumps are not enabled by default on client versions of Windows
#

---------------  S U M M A R Y ------------

Command Line: --add-modules=ALL-SYSTEM --add-opens=java.base/java.util=ALL-UNNAMED --add-opens=java.base/java.lang=ALL-UNNAMED --add-opens=java.base/sun.nio.fs=ALL-UNNAMED -Declipse.application=org.eclipse.jdt.ls.core.id1 -Dosgi.bundles.defaultStartLevel=4 -Declipse.product=org.eclipse.jdt.ls.core.product -Djava.import.generatesMetadataFilesAtProjectRoot=false -DDetectVMInstallationsJob.disabled=true -Dfile.encoding=utf8 -XX:+UseParallelGC -XX:GCTimeRatio=4 -XX:AdaptiveSizePolicyWeight=90 -Dsun.zip.disableMemoryMapping=true -Xmx2G -Xms100m -Xlog:disable -javaagent:c:\Users\cc\.trae\extensions\redhat.java-1.49.0-win32-x64\lombok\lombok-1.18.39-4050.jar -XX:+HeapDumpOnOutOfMemoryError -XX:HeapDumpPath=c:\Users\cc\AppData\Roaming\Trae\User\workspaceStorage\eaa40cd6ef464c934ee68070cc886a11\redhat.java -Daether.dependencyCollector.impl=bf c:\Users\cc\.trae\extensions\redhat.java-1.49.0-win32-x64\server\plugins\org.eclipse.equinox.launcher_1.7.100.v20251111-0406.jar -configuration c:\Users\cc\AppData\Roaming\Trae\User\globalStorage\redhat.java\1.49.0\config_win -data c:\Users\cc\AppData\Roaming\Trae\User\workspaceStorage\eaa40cd6ef464c934ee68070cc886a11\redhat.java\jdt_ws --pipe=\\.\pipe\lsp-6fdef00b88081ca04bfd9a1088d85dec-sock

Host: Intel(R) Core(TM) i7-14700HX, 28 cores, 15G,  Windows 11 , 64 bit Build 26100 (10.0.26100.7019)
Time: Wed Nov 26 22:31:42 2025 elapsed time: 45.054857 seconds (0d 0h 0m 45s)

---------------  T H R E A D  ---------------

Current thread (0x0000024706f3b2b0):  JavaThread "C2 CompilerThread0" daemon [_thread_in_native, id=7776, stack(0x000000b5a7e00000,0x000000b5a7f00000) (1024K)]


Current CompileTask:
C2:45054 13832   !   4       org.eclipse.jdt.internal.compiler.classfmt.ClassFileReader::<init> (1968 bytes)

Stack: [0x000000b5a7e00000,0x000000b5a7f00000]
Native frames: (J=compiled Java code, j=interpreted, Vv=VM code, C=native code)
V  [jvm.dll+0x6d6e29]
V  [jvm.dll+0x8b4b76]
V  [jvm.dll+0x8b712e]
V  [jvm.dll+0x8b7813]
V  [jvm.dll+0x283d86]
V  [jvm.dll+0xc66ed]
V  [jvm.dll+0xc6c31]
V  [jvm.dll+0x3be53b]
V  [jvm.dll+0x1e3d59]
V  [jvm.dll+0x24c0f3]
V  [jvm.dll+0x24b580]
V  [jvm.dll+0x1cb13e]
V  [jvm.dll+0x25b29d]
V  [jvm.dll+0x25982a]
V  [jvm.dll+0x3f7ea6]
V  [jvm.dll+0x85e9ad]
V  [jvm.dll+0x6d565d]
C  [ucrtbase.dll+0x37b0]
C  [KERNEL32.DLL+0x2e8d7]
C  [ntdll.dll+0x8c53c]


---------------  P R O C E S S  ---------------

Threads class SMR info:
_java_thread_list=0x000002476844e9e0, length=87, elements={
0x000002470530ec20, 0x00000247605b1f80, 0x00000247605b6050, 0x00000247605bbb00,
0x00000247605bcc30, 0x0000024706f33f50, 0x0000024706f36ae0, 0x0000024706f3b2b0,
0x0000024706f429d0, 0x0000024760722ea0, 0x00000247634bdd30, 0x00000247681d3200,
0x000002476809c550, 0x000002476852eae0, 0x00000247683c4030, 0x000002476894a800,
0x000002476875dda0, 0x00000247686d1cd0, 0x00000247688e3310, 0x00000247687ec9d0,
0x00000247687edd80, 0x00000247687eaf90, 0x00000247687ea900, 0x00000247687ed6f0,
0x00000247687eb620, 0x00000247687ebcb0, 0x00000247687ec340, 0x0000024763a3d6f0,
0x0000024763a3a270, 0x0000024763a3a900, 0x0000024763a3bcb0, 0x0000024763a3dd80,
0x0000024763a3c340, 0x0000024763a3c9d0, 0x0000024763a3b620, 0x0000024763a3e410,
0x0000024763a3d060, 0x0000024763a3af90, 0x0000024763a3eaa0, 0x0000024763a3f130,
0x0000024763a3f7c0, 0x0000024763a41890, 0x0000024763a3fe50, 0x0000024763a404e0,
0x0000024763a40b70, 0x0000024763a41200, 0x000002476c3759e0, 0x000002476c372560,
0x000002476c373280, 0x000002476c374cc0, 0x000002476c375350, 0x000002476c376070,
0x000002476c372bf0, 0x000002476c376700, 0x000002476c376d90, 0x000002476c373910,
0x000002476c377420, 0x000002476c373fa0, 0x000002476c377ab0, 0x000002476c374630,
0x000002476c379b80, 0x000002476c378140, 0x000002476c3787d0, 0x000002476c378e60,
0x000002476c3794f0, 0x00000247694f34c0, 0x00000247694f06d0, 0x00000247694f2e30,
0x00000247694f0040, 0x00000247694f0d60, 0x00000247694f3b50, 0x00000247694f13f0,
0x00000247694f41e0, 0x00000247694f4870, 0x00000247694f4f00, 0x00000247694f1a80,
0x00000247694f5590, 0x00000247694f2110, 0x00000247694f5c20, 0x00000247694f27a0,
0x00000247694f6940, 0x00000247694f6fd0, 0x00000247694f62b0, 0x000002476b948c40,
0x000002476b949960, 0x000002476d3ea2c0, 0x000002476c7b7610
}

Java Threads: ( => current thread )
  0x000002470530ec20 JavaThread "main"                              [_thread_blocked, id=131796, stack(0x000000b5a7400000,0x000000b5a7500000) (1024K)]
  0x00000247605b1f80 JavaThread "Reference Handler"          daemon [_thread_blocked, id=128076, stack(0x000000b5a7800000,0x000000b5a7900000) (1024K)]
  0x00000247605b6050 JavaThread "Finalizer"                  daemon [_thread_blocked, id=124556, stack(0x000000b5a7900000,0x000000b5a7a00000) (1024K)]
  0x00000247605bbb00 JavaThread "Signal Dispatcher"          daemon [_thread_blocked, id=120908, stack(0x000000b5a7a00000,0x000000b5a7b00000) (1024K)]
  0x00000247605bcc30 JavaThread "Attach Listener"            daemon [_thread_blocked, id=53428, stack(0x000000b5a7b00000,0x000000b5a7c00000) (1024K)]
  0x0000024706f33f50 JavaThread "Service Thread"             daemon [_thread_blocked, id=128812, stack(0x000000b5a7c00000,0x000000b5a7d00000) (1024K)]
  0x0000024706f36ae0 JavaThread "Monitor Deflation Thread"   daemon [_thread_blocked, id=134064, stack(0x000000b5a7d00000,0x000000b5a7e00000) (1024K)]
=>0x0000024706f3b2b0 JavaThread "C2 CompilerThread0"         daemon [_thread_in_native, id=7776, stack(0x000000b5a7e00000,0x000000b5a7f00000) (1024K)]
  0x0000024706f429d0 JavaThread "C1 CompilerThread0"         daemon [_thread_blocked, id=120616, stack(0x000000b5a7f00000,0x000000b5a8000000) (1024K)]
  0x0000024760722ea0 JavaThread "Common-Cleaner"             daemon [_thread_blocked, id=123244, stack(0x000000b5a8400000,0x000000b5a8500000) (1024K)]
  0x00000247634bdd30 JavaThread "Notification Thread"        daemon [_thread_blocked, id=134664, stack(0x000000b5a8300000,0x000000b5a8400000) (1024K)]
  0x00000247681d3200 JavaThread "Active Thread: Equinox Container: ef715890-9683-4b4f-b3a8-52fe8821ed27"        [_thread_blocked, id=130976, stack(0x000000b5a8e00000,0x000000b5a8f00000) (1024K)]
  0x000002476809c550 JavaThread "Refresh Thread: Equinox Container: ef715890-9683-4b4f-b3a8-52fe8821ed27" daemon [_thread_blocked, id=122580, stack(0x000000b5a8d00000,0x000000b5a8e00000) (1024K)]
  0x000002476852eae0 JavaThread "Framework Event Dispatcher: Equinox Container: ef715890-9683-4b4f-b3a8-52fe8821ed27" daemon [_thread_blocked, id=59168, stack(0x000000b5a9000000,0x000000b5a9100000) (1024K)]
  0x00000247683c4030 JavaThread "Start Level: Equinox Container: ef715890-9683-4b4f-b3a8-52fe8821ed27" daemon [_thread_blocked, id=101016, stack(0x000000b5a9100000,0x000000b5a9200000) (1024K)]
  0x000002476894a800 JavaThread "Bundle File Closer"         daemon [_thread_blocked, id=132604, stack(0x000000b5a9500000,0x000000b5a9600000) (1024K)]
  0x000002476875dda0 JavaThread "SCR Component Actor"        daemon [_thread_blocked, id=120216, stack(0x000000b5a8500000,0x000000b5a8600000) (1024K)]
  0x00000247686d1cd0 JavaThread "Worker-JM"                         [_thread_blocked, id=131612, stack(0x000000b5a9800000,0x000000b5a9900000) (1024K)]
  0x00000247688e3310 JavaThread "JNA Cleaner"                daemon [_thread_blocked, id=123756, stack(0x000000b5a9c00000,0x000000b5a9d00000) (1024K)]
  0x00000247687ec9d0 JavaThread "Worker-0: Building"                [_thread_blocked, id=129032, stack(0x000000b5a9d00000,0x000000b5a9e00000) (1024K)]
  0x00000247687edd80 JavaThread "Worker-1"                          [_thread_blocked, id=38260, stack(0x000000b5a9e00000,0x000000b5a9f00000) (1024K)]
  0x00000247687eaf90 JavaThread "Worker-2"                          [_thread_blocked, id=117516, stack(0x000000b5aa000000,0x000000b5aa100000) (1024K)]
  0x00000247687ea900 JavaThread "Java indexing"              daemon [_thread_blocked, id=97576, stack(0x000000b5aa600000,0x000000b5aa700000) (1024K)]
  0x00000247687ed6f0 JavaThread "Worker-3"                          [_thread_blocked, id=131124, stack(0x000000b5aa700000,0x000000b5aa800000) (1024K)]
  0x00000247687eb620 JavaThread "Worker-4"                          [_thread_blocked, id=121508, stack(0x000000b5aa800000,0x000000b5aa900000) (1024K)]
  0x00000247687ebcb0 JavaThread "Worker-5: Java indexing... "        [_thread_blocked, id=113852, stack(0x000000b5aab00000,0x000000b5aac00000) (1024K)]
  0x00000247687ec340 JavaThread "Thread-1"                   daemon [_thread_in_native, id=125756, stack(0x000000b5aac00000,0x000000b5aad00000) (1024K)]
  0x0000024763a3d6f0 JavaThread "Thread-2"                   daemon [_thread_in_native, id=124512, stack(0x000000b5aad00000,0x000000b5aae00000) (1024K)]
  0x0000024763a3a270 JavaThread "Thread-3"                   daemon [_thread_in_native, id=133564, stack(0x000000b5aae00000,0x000000b5aaf00000) (1024K)]
  0x0000024763a3a900 JavaThread "Thread-4"                   daemon [_thread_in_native, id=122712, stack(0x000000b5aaf00000,0x000000b5ab000000) (1024K)]
  0x0000024763a3bcb0 JavaThread "Thread-5"                   daemon [_thread_in_native, id=134892, stack(0x000000b5ab000000,0x000000b5ab100000) (1024K)]
  0x0000024763a3dd80 JavaThread "Thread-6"                   daemon [_thread_in_native, id=15756, stack(0x000000b5ab100000,0x000000b5ab200000) (1024K)]
  0x0000024763a3c340 JavaThread "Thread-7"                   daemon [_thread_in_native, id=121320, stack(0x000000b5ab200000,0x000000b5ab300000) (1024K)]
  0x0000024763a3c9d0 JavaThread "Thread-8"                   daemon [_thread_in_native, id=129452, stack(0x000000b5ab300000,0x000000b5ab400000) (1024K)]
  0x0000024763a3b620 JavaThread "Thread-9"                   daemon [_thread_in_native, id=120732, stack(0x000000b5ab400000,0x000000b5ab500000) (1024K)]
  0x0000024763a3e410 JavaThread "Thread-10"                  daemon [_thread_in_native, id=125656, stack(0x000000b5ab500000,0x000000b5ab600000) (1024K)]
  0x0000024763a3d060 JavaThread "Thread-11"                  daemon [_thread_in_native, id=135440, stack(0x000000b5ab600000,0x000000b5ab700000) (1024K)]
  0x0000024763a3af90 JavaThread "Thread-12"                  daemon [_thread_in_native, id=22044, stack(0x000000b5ab700000,0x000000b5ab800000) (1024K)]
  0x0000024763a3eaa0 JavaThread "Thread-13"                  daemon [_thread_in_native, id=131352, stack(0x000000b5ab800000,0x000000b5ab900000) (1024K)]
  0x0000024763a3f130 JavaThread "Thread-14"                  daemon [_thread_in_native, id=135268, stack(0x000000b5ab900000,0x000000b5aba00000) (1024K)]
  0x0000024763a3f7c0 JavaThread "Thread-15"                  daemon [_thread_in_native, id=121784, stack(0x000000b5aba00000,0x000000b5abb00000) (1024K)]
  0x0000024763a41890 JavaThread "Thread-16"                  daemon [_thread_in_native, id=17000, stack(0x000000b5abb00000,0x000000b5abc00000) (1024K)]
  0x0000024763a3fe50 JavaThread "Thread-17"                  daemon [_thread_in_native, id=125908, stack(0x000000b5abc00000,0x000000b5abd00000) (1024K)]
  0x0000024763a404e0 JavaThread "Thread-18"                  daemon [_thread_in_native, id=132260, stack(0x000000b5abd00000,0x000000b5abe00000) (1024K)]
  0x0000024763a40b70 JavaThread "Thread-19"                  daemon [_thread_in_native, id=130100, stack(0x000000b5abe00000,0x000000b5abf00000) (1024K)]
  0x0000024763a41200 JavaThread "Thread-20"                  daemon [_thread_in_native, id=135224, stack(0x000000b5abf00000,0x000000b5ac000000) (1024K)]
  0x000002476c3759e0 JavaThread "Thread-21"                  daemon [_thread_in_native, id=132852, stack(0x000000b5ac000000,0x000000b5ac100000) (1024K)]
  0x000002476c372560 JavaThread "Thread-22"                  daemon [_thread_in_native, id=134828, stack(0x000000b5ac100000,0x000000b5ac200000) (1024K)]
  0x000002476c373280 JavaThread "Thread-23"                  daemon [_thread_in_native, id=125904, stack(0x000000b5ac200000,0x000000b5ac300000) (1024K)]
  0x000002476c374cc0 JavaThread "Thread-24"                  daemon [_thread_in_native, id=18848, stack(0x000000b5ac300000,0x000000b5ac400000) (1024K)]
  0x000002476c375350 JavaThread "Thread-25"                  daemon [_thread_in_native, id=125636, stack(0x000000b5ac400000,0x000000b5ac500000) (1024K)]
  0x000002476c376070 JavaThread "Thread-26"                  daemon [_thread_in_native, id=124180, stack(0x000000b5ac500000,0x000000b5ac600000) (1024K)]
  0x000002476c372bf0 JavaThread "Thread-27"                  daemon [_thread_in_native, id=134724, stack(0x000000b5ac600000,0x000000b5ac700000) (1024K)]
  0x000002476c376700 JavaThread "Thread-28"                  daemon [_thread_in_native, id=131672, stack(0x000000b5ac700000,0x000000b5ac800000) (1024K)]
  0x000002476c376d90 JavaThread "Thread-29"                  daemon [_thread_in_native, id=72388, stack(0x000000b5ac800000,0x000000b5ac900000) (1024K)]
  0x000002476c373910 JavaThread "pool-2-thread-1"                   [_thread_blocked, id=133324, stack(0x000000b5ac900000,0x000000b5aca00000) (1024K)]
  0x000002476c377420 JavaThread "WorkspaceEventsHandler"            [_thread_blocked, id=127152, stack(0x000000b5acb00000,0x000000b5acc00000) (1024K)]
  0x000002476c373fa0 JavaThread "pool-1-thread-1"                   [_thread_blocked, id=113648, stack(0x000000b5acc00000,0x000000b5acd00000) (1024K)]
  0x000002476c377ab0 JavaThread "LocalFile Deleter"          daemon [_thread_blocked, id=96096, stack(0x000000b5acd00000,0x000000b5ace00000) (1024K)]
  0x000002476c374630 JavaThread "LocalFile Deleter"          daemon [_thread_blocked, id=15628, stack(0x000000b5ace00000,0x000000b5acf00000) (1024K)]
  0x000002476c379b80 JavaThread "LocalFile Deleter"          daemon [_thread_blocked, id=125924, stack(0x000000b5acf00000,0x000000b5ad000000) (1024K)]
  0x000002476c378140 JavaThread "LocalFile Deleter"          daemon [_thread_blocked, id=25756, stack(0x000000b5ad000000,0x000000b5ad100000) (1024K)]
  0x000002476c3787d0 JavaThread "LocalFile Deleter"          daemon [_thread_blocked, id=133196, stack(0x000000b5ad100000,0x000000b5ad200000) (1024K)]
  0x000002476c378e60 JavaThread "LocalFile Deleter"          daemon [_thread_blocked, id=52716, stack(0x000000b5ad200000,0x000000b5ad300000) (1024K)]
  0x000002476c3794f0 JavaThread "LocalFile Deleter"          daemon [_thread_blocked, id=87724, stack(0x000000b5ad300000,0x000000b5ad400000) (1024K)]
  0x00000247694f34c0 JavaThread "Compiler Source File Reader" daemon [_thread_blocked, id=71732, stack(0x000000b5ad400000,0x000000b5ad500000) (1024K)]
  0x00000247694f06d0 JavaThread "Compiler Processing Task"   daemon [_thread_blocked, id=133800, stack(0x000000b5ad500000,0x000000b5ad600000) (1024K)]
  0x00000247694f2e30 JavaThread "Compiler Class File Writer" daemon [_thread_blocked, id=118156, stack(0x000000b5ad600000,0x000000b5ad700000) (1024K)]
  0x00000247694f0040 JavaThread "Compiler Source File Reader" daemon [_thread_blocked, id=125472, stack(0x000000b5aa300000,0x000000b5aa400000) (1024K)]
  0x00000247694f0d60 JavaThread "Compiler Class File Writer" daemon [_thread_blocked, id=22128, stack(0x000000b5a9700000,0x000000b5a9800000) (1024K)]
  0x00000247694f3b50 JavaThread "Compiler Source File Reader" daemon [_thread_blocked, id=82548, stack(0x000000b5aca00000,0x000000b5acb00000) (1024K)]
  0x00000247694f13f0 JavaThread "Compiler Class File Writer" daemon [_thread_blocked, id=134672, stack(0x000000b5ad800000,0x000000b5ad900000) (1024K)]
  0x00000247694f41e0 JavaThread "Compiler Source File Reader" daemon [_thread_blocked, id=136068, stack(0x000000b5ad700000,0x000000b5ad800000) (1024K)]
  0x00000247694f4870 JavaThread "Compiler Class File Writer" daemon [_thread_blocked, id=127440, stack(0x000000b5ad900000,0x000000b5ada00000) (1024K)]
  0x00000247694f4f00 JavaThread "LocalFile Deleter"          daemon [_thread_blocked, id=134928, stack(0x000000b5a7300000,0x000000b5a7400000) (1024K)]
  0x00000247694f1a80 JavaThread "Compiler Source File Reader" daemon [_thread_blocked, id=120528, stack(0x000000b5a8200000,0x000000b5a8300000) (1024K)]
  0x00000247694f5590 JavaThread "Compiler Source File Reader" daemon [_thread_blocked, id=53956, stack(0x000000b5ada00000,0x000000b5adb00000) (1024K)]
  0x00000247694f2110 JavaThread "Compiler Class File Writer" daemon [_thread_blocked, id=134568, stack(0x000000b5adc00000,0x000000b5add00000) (1024K)]
  0x00000247694f5c20 JavaThread "Compiler Class File Writer" daemon [_thread_blocked, id=124140, stack(0x000000b5add00000,0x000000b5ade00000) (1024K)]
  0x00000247694f27a0 JavaThread "Compiler Source File Reader" daemon [_thread_blocked, id=134636, stack(0x000000b5a8100000,0x000000b5a8200000) (1024K)]
  0x00000247694f6940 JavaThread "Compiler Source File Reader" daemon [_thread_blocked, id=126440, stack(0x000000b5a9600000,0x000000b5a9700000) (1024K)]
  0x00000247694f6fd0 JavaThread "Compiler Class File Writer" daemon [_thread_blocked, id=13912, stack(0x000000b5adb00000,0x000000b5adc00000) (1024K)]
  0x00000247694f62b0 JavaThread "Compiler Class File Writer" daemon [_thread_blocked, id=120644, stack(0x000000b5ade00000,0x000000b5adf00000) (1024K)]
  0x000002476b948c40 JavaThread "Compiler Source File Reader" daemon [_thread_blocked, id=114980, stack(0x000000b5adf00000,0x000000b5ae000000) (1024K)]
  0x000002476b949960 JavaThread "Compiler Class File Writer" daemon [_thread_blocked, id=16776, stack(0x000000b5ae000000,0x000000b5ae100000) (1024K)]
  0x000002476d3ea2c0 JavaThread "C1 CompilerThread1"         daemon [_thread_blocked, id=65204, stack(0x000000b5ae800000,0x000000b5ae900000) (1024K)]
  0x000002476c7b7610 JavaThread "C2 CompilerThread1"         daemon [_thread_blocked, id=131696, stack(0x000000b5a8000000,0x000000b5a8100000) (1024K)]
Total: 87

Other Threads:
  0x0000024706f31aa0 VMThread "VM Thread"                           [id=129288, stack(0x000000b5a7700000,0x000000b5a7800000) (1024K)]
  0x000002471de3ba00 WatcherThread "VM Periodic Task Thread"        [id=135076, stack(0x000000b5a7600000,0x000000b5a7700000) (1024K)]
  0x0000024706eb0ad0 WorkerThread "GC Thread#0"                     [id=122452, stack(0x000000b5a7500000,0x000000b5a7600000) (1024K)]
  0x0000024763607d70 WorkerThread "GC Thread#1"                     [id=97708, stack(0x000000b5a8700000,0x000000b5a8800000) (1024K)]
  0x00000247635a4ac0 WorkerThread "GC Thread#2"                     [id=135120, stack(0x000000b5a8800000,0x000000b5a8900000) (1024K)]
  0x00000247635a4e60 WorkerThread "GC Thread#3"                     [id=41584, stack(0x000000b5a8900000,0x000000b5a8a00000) (1024K)]
  0x00000247635a5200 WorkerThread "GC Thread#4"                     [id=135592, stack(0x000000b5a8a00000,0x000000b5a8b00000) (1024K)]
  0x00000247635a55a0 WorkerThread "GC Thread#5"                     [id=130112, stack(0x000000b5a8b00000,0x000000b5a8c00000) (1024K)]
  0x00000247635a5940 WorkerThread "GC Thread#6"                     [id=104144, stack(0x000000b5a8c00000,0x000000b5a8d00000) (1024K)]
  0x00000247681b4470 WorkerThread "GC Thread#7"                     [id=128368, stack(0x000000b5a8f00000,0x000000b5a9000000) (1024K)]
  0x0000024768851bc0 WorkerThread "GC Thread#8"                     [id=652, stack(0x000000b5a9200000,0x000000b5a9300000) (1024K)]
  0x00000247684b65c0 WorkerThread "GC Thread#9"                     [id=134824, stack(0x000000b5a9300000,0x000000b5a9400000) (1024K)]
  0x00000247684b53a0 WorkerThread "GC Thread#10"                    [id=129660, stack(0x000000b5a9400000,0x000000b5a9500000) (1024K)]
  0x00000247684b5740 WorkerThread "GC Thread#11"                    [id=102616, stack(0x000000b5a8600000,0x000000b5a8700000) (1024K)]
  0x00000247684b6220 WorkerThread "GC Thread#12"                    [id=132448, stack(0x000000b5a9900000,0x000000b5a9a00000) (1024K)]
  0x00000247684b4c60 WorkerThread "GC Thread#13"                    [id=40516, stack(0x000000b5a9a00000,0x000000b5a9b00000) (1024K)]
  0x00000247684b5000 WorkerThread "GC Thread#14"                    [id=129056, stack(0x000000b5a9b00000,0x000000b5a9c00000) (1024K)]
  0x00000247608286b0 WorkerThread "GC Thread#15"                    [id=67048, stack(0x000000b5a9f00000,0x000000b5aa000000) (1024K)]
  0x0000024760828310 WorkerThread "GC Thread#16"                    [id=129704, stack(0x000000b5aa100000,0x000000b5aa200000) (1024K)]
  0x0000024760828df0 WorkerThread "GC Thread#17"                    [id=135420, stack(0x000000b5aa200000,0x000000b5aa300000) (1024K)]
  0x0000024760829530 WorkerThread "GC Thread#18"                    [id=111312, stack(0x000000b5aa400000,0x000000b5aa500000) (1024K)]
  0x0000024760827f70 WorkerThread "GC Thread#19"                    [id=113768, stack(0x000000b5aa500000,0x000000b5aa600000) (1024K)]
Total: 22

Threads with active compile tasks:
C2 CompilerThread0  45138 13832   !   4       org.eclipse.jdt.internal.compiler.classfmt.ClassFileReader::<init> (1968 bytes)
Total: 1

VM state: at safepoint (normal execution)

VM Mutex/Monitor currently owned by a thread:  ([mutex/lock_event])
[0x00007ffacdd0d570] Threads_lock - owner thread: 0x0000024706f31aa0
[0x00007ffacdd0d670] Heap_lock - owner thread: 0x00000247687ea900

Heap address: 0x0000000080000000, size: 2048 MB, Compressed Oops mode: 32-bit

CDS archive(s) mapped at: [0x000002471e000000-0x000002471eba0000-0x000002471eba0000), size 12189696, SharedBaseAddress: 0x000002471e000000, ArchiveRelocationMode: 1.
Compressed class space mapped at: 0x000002471f000000-0x000002475f000000, reserved size: 1073741824
Narrow klass base: 0x000002471e000000, Narrow klass shift: 0, Narrow klass range: 0x100000000

GC Precious Log:
 CardTable entry size: 512
 CPUs: 28 total, 28 available
 Memory: 16159M
 Large Page Support: Disabled
 NUMA Support: Disabled
 Compressed Oops: Enabled (32-bit)
 Alignments: Space 512K, Generation 512K, Heap 2M
 Heap Min Capacity: 100M
 Heap Initial Capacity: 100M
 Heap Max Capacity: 2G
 Pre-touch: Disabled
 Parallel Workers: 20

Heap:
 PSYoungGen      total 4608K, used 4573K [0x00000000d5580000, 0x00000000d5c80000, 0x0000000100000000)
  eden space 3584K, 99% used [0x00000000d5580000,0x00000000d58ffff8,0x00000000d5900000)
  from space 1024K, 96% used [0x00000000d5a80000,0x00000000d5b774c8,0x00000000d5b80000)
  to   space 1536K, 10% used [0x00000000d5900000,0x00000000d5928000,0x00000000d5a80000)
 ParOldGen       total 330240K, used 330168K [0x0000000080000000, 0x0000000094280000, 0x00000000d5580000)
  object space 330240K, 99% used [0x0000000080000000,0x0000000094272080,0x0000000094280000)
 Metaspace       used 62590K, committed 64000K, reserved 1114112K
  class space    used 6509K, committed 7104K, reserved 1048576K

Card table byte_map: [0x00000247192a0000,0x00000247196b0000] _byte_map_base: 0x0000024718ea0000

Marking Bits: (ParMarkBitMap*) 0x00007ffacdd12460
 Begin Bits: [0x0000024719960000, 0x000002471b960000)
 End Bits:   [0x000002471b960000, 0x000002471d960000)

Polling page: 0x0000024705270000

Metaspace:

Usage:
  Non-class:     54.77 MB used.
      Class:      6.36 MB used.
       Both:     61.12 MB used.

Virtual space:
  Non-class space:       64.00 MB reserved,      55.56 MB ( 87%) committed,  1 nodes.
      Class space:        1.00 GB reserved,       6.94 MB ( <1%) committed,  1 nodes.
             Both:        1.06 GB reserved,      62.50 MB (  6%) committed. 

Chunk freelists:
   Non-Class:  7.53 MB
       Class:  9.00 MB
        Both:  16.53 MB

MaxMetaspaceSize: unlimited
CompressedClassSpaceSize: 1.00 GB
Initial GC threshold: 21.00 MB
Current GC threshold: 97.31 MB
CDS: on
 - commit_granule_bytes: 65536.
 - commit_granule_words: 8192.
 - virtual_space_node_default_size: 8388608.
 - enlarge_chunks_in_place: 1.
 - use_allocation_guard: 0.


Internal statistics:

num_allocs_failed_limit: 11.
num_arena_births: 1208.
num_arena_deaths: 18.
num_vsnodes_births: 2.
num_vsnodes_deaths: 0.
num_space_committed: 999.
num_space_uncommitted: 0.
num_chunks_returned_to_freelist: 31.
num_chunks_taken_from_freelist: 4332.
num_chunk_merges: 16.
num_chunk_splits: 2530.
num_chunks_enlarged: 1241.
num_inconsistent_stats: 0.

CodeHeap 'non-profiled nmethods': size=119168Kb used=11212Kb max_used=11212Kb free=107955Kb
 bounds [0x0000024711c60000, 0x0000024712760000, 0x00000247190c0000]
CodeHeap 'profiled nmethods': size=119104Kb used=29220Kb max_used=29220Kb free=89883Kb
 bounds [0x000002470a0c0000, 0x000002470bd50000, 0x0000024711510000]
CodeHeap 'non-nmethods': size=7488Kb used=1990Kb max_used=3199Kb free=5497Kb
 bounds [0x0000024711510000, 0x0000024711840000, 0x0000024711c60000]
CodeCache: size=245760Kb, used=42422Kb, max_used=43631Kb, free=203335Kb
 total_blobs=13558, nmethods=12818, adapters=644, full_count=0
Compilation: enabled, stopped_count=0, restarted_count=0

Compilation events (20 events):
Event: 44.860 Thread 0x000002476d3ea2c0 nmethod 13848 0x000002470bd1a890 code [0x000002470bd1ab00, 0x000002470bd1b518]
Event: 44.861 Thread 0x0000024706f429d0 13849       3       java.util.AbstractCollection::toArray (70 bytes)
Event: 44.862 Thread 0x000002476d3ea2c0 13850       3       org.apache.maven.artifact.versioning.ComparableVersion$IntItem::isNull (13 bytes)
Event: 44.862 Thread 0x000002476d3ea2c0 nmethod 13850 0x000002470bd1b910 code [0x000002470bd1baa0, 0x000002470bd1bc00]
Event: 44.862 Thread 0x0000024706f429d0 nmethod 13849 0x000002470bd1bc90 code [0x000002470bd1bee0, 0x000002470bd1c850]
Event: 44.870 Thread 0x0000024706f429d0 13851       3       org.eclipse.core.internal.registry.BaseExtensionHandle::getConfigurationElements (21 bytes)
Event: 44.870 Thread 0x0000024706f429d0 nmethod 13851 0x000002470bd1ca90 code [0x000002470bd1cc80, 0x000002470bd1d350]
Event: 44.871 Thread 0x0000024706f429d0 13852       3       java.util.AbstractSequentialList::iterator (5 bytes)
Event: 44.871 Thread 0x0000024706f429d0 nmethod 13852 0x000002470bd1d510 code [0x000002470bd1d6c0, 0x000002470bd1d970]
Event: 44.871 Thread 0x0000024706f429d0 13853       1       org.apache.maven.plugin.DefaultPluginDescriptorCache$CacheKey::hashCode (5 bytes)
Event: 44.871 Thread 0x0000024706f429d0 nmethod 13853 0x0000024712750690 code [0x0000024712750820, 0x00000247127508e8]
Event: 44.871 Thread 0x0000024706f429d0 13854       3       org.eclipse.aether.DefaultRepositorySystemSession::setTransferListener (11 bytes)
Event: 44.871 Thread 0x0000024706f429d0 nmethod 13854 0x000002470bd1da90 code [0x000002470bd1dc60, 0x000002470bd1df00]
Event: 44.872 Thread 0x000002476d3ea2c0 13855       1       org.apache.maven.plugin.MojoExecution::setLifecyclePhase (6 bytes)
Event: 44.872 Thread 0x000002476d3ea2c0 nmethod 13855 0x0000024712750990 code [0x0000024712750b20, 0x0000024712750c00]
Event: 44.873 Thread 0x000002476d3ea2c0 13856       3       org.eclipse.m2e.core.internal.embedder.MavenExecutionContext::getSession (26 bytes)
Event: 44.873 Thread 0x000002476d3ea2c0 nmethod 13856 0x000002470bd1e010 code [0x000002470bd1e200, 0x000002470bd1e650]
Event: 44.877 Thread 0x000002476d3ea2c0 13857       3       org.eclipse.m2e.core.internal.embedder.MavenExecutionContext::getThreadContext (44 bytes)
Event: 44.877 Thread 0x0000024706f429d0 13858       3       org.eclipse.m2e.core.internal.project.registry.MavenProjectCache::getContextProjectMap (51 bytes)
Event: 44.877 Thread 0x000002476d3ea2c0 nmethod 13857 0x000002470bd1e810 code [0x000002470bd1ea20, 0x000002470bd1f168]

GC Heap History (20 events):
Event: 44.248 GC heap before
{Heap before GC invocations=538 (full 3):
 PSYoungGen      total 5120K, used 4768K [0x00000000d5580000, 0x00000000d5b80000, 0x0000000100000000)
  eden space 4096K, 100% used [0x00000000d5580000,0x00000000d5980000,0x00000000d5980000)
  from space 1024K, 65% used [0x00000000d5a80000,0x00000000d5b28000,0x00000000d5b80000)
  to   space 1024K, 0% used [0x00000000d5980000,0x00000000d5980000,0x00000000d5a80000)
 ParOldGen       total 294912K, used 294647K [0x0000000080000000, 0x0000000092000000, 0x00000000d5580000)
  object space 294912K, 99% used [0x0000000080000000,0x0000000091fbdcc0,0x0000000092000000)
 Metaspace       used 62534K, committed 63936K, reserved 1114112K
  class space    used 6509K, committed 7104K, reserved 1048576K
}
Event: 44.250 GC heap after
{Heap after GC invocations=538 (full 3):
 PSYoungGen      total 5120K, used 704K [0x00000000d5580000, 0x00000000d5b80000, 0x0000000100000000)
  eden space 4096K, 0% used [0x00000000d5580000,0x00000000d5580000,0x00000000d5980000)
  from space 1024K, 68% used [0x00000000d5980000,0x00000000d5a30000,0x00000000d5a80000)
  to   space 1024K, 0% used [0x00000000d5a80000,0x00000000d5a80000,0x00000000d5b80000)
 ParOldGen       total 295424K, used 294945K [0x0000000080000000, 0x0000000092080000, 0x00000000d5580000)
  object space 295424K, 99% used [0x0000000080000000,0x0000000092008640,0x0000000092080000)
 Metaspace       used 62534K, committed 63936K, reserved 1114112K
  class space    used 6509K, committed 7104K, reserved 1048576K
}
Event: 44.322 GC heap before
{Heap before GC invocations=539 (full 3):
 PSYoungGen      total 5120K, used 4800K [0x00000000d5580000, 0x00000000d5b80000, 0x0000000100000000)
  eden space 4096K, 100% used [0x00000000d5580000,0x00000000d5980000,0x00000000d5980000)
  from space 1024K, 68% used [0x00000000d5980000,0x00000000d5a30000,0x00000000d5a80000)
  to   space 1024K, 0% used [0x00000000d5a80000,0x00000000d5a80000,0x00000000d5b80000)
 ParOldGen       total 295424K, used 294945K [0x0000000080000000, 0x0000000092080000, 0x00000000d5580000)
  object space 295424K, 99% used [0x0000000080000000,0x0000000092008640,0x0000000092080000)
 Metaspace       used 62534K, committed 63936K, reserved 1114112K
  class space    used 6509K, committed 7104K, reserved 1048576K
}
Event: 44.325 GC heap after
{Heap after GC invocations=539 (full 3):
 PSYoungGen      total 5120K, used 672K [0x00000000d5580000, 0x00000000d5b80000, 0x0000000100000000)
  eden space 4096K, 0% used [0x00000000d5580000,0x00000000d5580000,0x00000000d5980000)
  from space 1024K, 65% used [0x00000000d5a80000,0x00000000d5b28000,0x00000000d5b80000)
  to   space 1024K, 0% used [0x00000000d5980000,0x00000000d5980000,0x00000000d5a80000)
 ParOldGen       total 295424K, used 295250K [0x0000000080000000, 0x0000000092080000, 0x00000000d5580000)
  object space 295424K, 99% used [0x0000000080000000,0x0000000092054980,0x0000000092080000)
 Metaspace       used 62534K, committed 63936K, reserved 1114112K
  class space    used 6509K, committed 7104K, reserved 1048576K
}
Event: 44.390 GC heap before
{Heap before GC invocations=540 (full 3):
 PSYoungGen      total 5120K, used 4768K [0x00000000d5580000, 0x00000000d5b80000, 0x0000000100000000)
  eden space 4096K, 100% used [0x00000000d5580000,0x00000000d5980000,0x00000000d5980000)
  from space 1024K, 65% used [0x00000000d5a80000,0x00000000d5b28000,0x00000000d5b80000)
  to   space 1024K, 0% used [0x00000000d5980000,0x00000000d5980000,0x00000000d5a80000)
 ParOldGen       total 295424K, used 295250K [0x0000000080000000, 0x0000000092080000, 0x00000000d5580000)
  object space 295424K, 99% used [0x0000000080000000,0x0000000092054980,0x0000000092080000)
 Metaspace       used 62535K, committed 63936K, reserved 1114112K
  class space    used 6509K, committed 7104K, reserved 1048576K
}
Event: 44.391 GC heap after
{Heap after GC invocations=540 (full 3):
 PSYoungGen      total 5120K, used 738K [0x00000000d5580000, 0x00000000d5b80000, 0x0000000100000000)
  eden space 4096K, 0% used [0x00000000d5580000,0x00000000d5580000,0x00000000d5980000)
  from space 1024K, 72% used [0x00000000d5980000,0x00000000d5a38800,0x00000000d5a80000)
  to   space 1024K, 0% used [0x00000000d5a80000,0x00000000d5a80000,0x00000000d5b80000)
 ParOldGen       total 295936K, used 295522K [0x0000000080000000, 0x0000000092100000, 0x00000000d5580000)
  object space 295936K, 99% used [0x0000000080000000,0x0000000092098980,0x0000000092100000)
 Metaspace       used 62535K, committed 63936K, reserved 1114112K
  class space    used 6509K, committed 7104K, reserved 1048576K
}
Event: 44.466 GC heap before
{Heap before GC invocations=541 (full 3):
 PSYoungGen      total 5120K, used 4834K [0x00000000d5580000, 0x00000000d5b80000, 0x0000000100000000)
  eden space 4096K, 100% used [0x00000000d5580000,0x00000000d5980000,0x00000000d5980000)
  from space 1024K, 72% used [0x00000000d5980000,0x00000000d5a38800,0x00000000d5a80000)
  to   space 1024K, 0% used [0x00000000d5a80000,0x00000000d5a80000,0x00000000d5b80000)
 ParOldGen       total 295936K, used 295522K [0x0000000080000000, 0x0000000092100000, 0x00000000d5580000)
  object space 295936K, 99% used [0x0000000080000000,0x0000000092098980,0x0000000092100000)
 Metaspace       used 62535K, committed 63936K, reserved 1114112K
  class space    used 6509K, committed 7104K, reserved 1048576K
}
Event: 44.468 GC heap after
{Heap after GC invocations=541 (full 3):
 PSYoungGen      total 5120K, used 672K [0x00000000d5580000, 0x00000000d5b80000, 0x0000000100000000)
  eden space 4096K, 0% used [0x00000000d5580000,0x00000000d5580000,0x00000000d5980000)
  from space 1024K, 65% used [0x00000000d5a80000,0x00000000d5b28000,0x00000000d5b80000)
  to   space 1024K, 0% used [0x00000000d5980000,0x00000000d5980000,0x00000000d5a80000)
 ParOldGen       total 295936K, used 295900K [0x0000000080000000, 0x0000000092100000, 0x00000000d5580000)
  object space 295936K, 99% used [0x0000000080000000,0x00000000920f7180,0x0000000092100000)
 Metaspace       used 62535K, committed 63936K, reserved 1114112K
  class space    used 6509K, committed 7104K, reserved 1048576K
}
Event: 44.543 GC heap before
{Heap before GC invocations=542 (full 3):
 PSYoungGen      total 5120K, used 4768K [0x00000000d5580000, 0x00000000d5b80000, 0x0000000100000000)
  eden space 4096K, 100% used [0x00000000d5580000,0x00000000d5980000,0x00000000d5980000)
  from space 1024K, 65% used [0x00000000d5a80000,0x00000000d5b28000,0x00000000d5b80000)
  to   space 1024K, 0% used [0x00000000d5980000,0x00000000d5980000,0x00000000d5a80000)
 ParOldGen       total 295936K, used 295900K [0x0000000080000000, 0x0000000092100000, 0x00000000d5580000)
  object space 295936K, 99% used [0x0000000080000000,0x00000000920f7180,0x0000000092100000)
 Metaspace       used 62537K, committed 63936K, reserved 1114112K
  class space    used 6509K, committed 7104K, reserved 1048576K
}
Event: 44.545 GC heap after
{Heap after GC invocations=542 (full 3):
 PSYoungGen      total 5120K, used 672K [0x00000000d5580000, 0x00000000d5b80000, 0x0000000100000000)
  eden space 4096K, 0% used [0x00000000d5580000,0x00000000d5580000,0x00000000d5980000)
  from space 1024K, 65% used [0x00000000d5980000,0x00000000d5a28000,0x00000000d5a80000)
  to   space 1024K, 0% used [0x00000000d5a80000,0x00000000d5a80000,0x00000000d5b80000)
 ParOldGen       total 296448K, used 296188K [0x0000000080000000, 0x0000000092180000, 0x00000000d5580000)
  object space 296448K, 99% used [0x0000000080000000,0x000000009213f180,0x0000000092180000)
 Metaspace       used 62537K, committed 63936K, reserved 1114112K
  class space    used 6509K, committed 7104K, reserved 1048576K
}
Event: 44.579 GC heap before
{Heap before GC invocations=543 (full 3):
 PSYoungGen      total 5120K, used 4768K [0x00000000d5580000, 0x00000000d5b80000, 0x0000000100000000)
  eden space 4096K, 100% used [0x00000000d5580000,0x00000000d5980000,0x00000000d5980000)
  from space 1024K, 65% used [0x00000000d5980000,0x00000000d5a28000,0x00000000d5a80000)
  to   space 1024K, 0% used [0x00000000d5a80000,0x00000000d5a80000,0x00000000d5b80000)
 ParOldGen       total 296448K, used 296188K [0x0000000080000000, 0x0000000092180000, 0x00000000d5580000)
  object space 296448K, 99% used [0x0000000080000000,0x000000009213f180,0x0000000092180000)
 Metaspace       used 62538K, committed 63936K, reserved 1114112K
  class space    used 6509K, committed 7104K, reserved 1048576K
}
Event: 44.581 GC heap after
{Heap after GC invocations=543 (full 3):
 PSYoungGen      total 5120K, used 608K [0x00000000d5580000, 0x00000000d5b80000, 0x0000000100000000)
  eden space 4096K, 0% used [0x00000000d5580000,0x00000000d5580000,0x00000000d5980000)
  from space 1024K, 59% used [0x00000000d5a80000,0x00000000d5b18000,0x00000000d5b80000)
  to   space 1024K, 0% used [0x00000000d5980000,0x00000000d5980000,0x00000000d5a80000)
 ParOldGen       total 296960K, used 296480K [0x0000000080000000, 0x0000000092200000, 0x00000000d5580000)
  object space 296960K, 99% used [0x0000000080000000,0x0000000092188118,0x0000000092200000)
 Metaspace       used 62538K, committed 63936K, reserved 1114112K
  class space    used 6509K, committed 7104K, reserved 1048576K
}
Event: 44.608 GC heap before
{Heap before GC invocations=544 (full 3):
 PSYoungGen      total 5120K, used 4704K [0x00000000d5580000, 0x00000000d5b80000, 0x0000000100000000)
  eden space 4096K, 100% used [0x00000000d5580000,0x00000000d5980000,0x00000000d5980000)
  from space 1024K, 59% used [0x00000000d5a80000,0x00000000d5b18000,0x00000000d5b80000)
  to   space 1024K, 0% used [0x00000000d5980000,0x00000000d5980000,0x00000000d5a80000)
 ParOldGen       total 296960K, used 296480K [0x0000000080000000, 0x0000000092200000, 0x00000000d5580000)
  object space 296960K, 99% used [0x0000000080000000,0x0000000092188118,0x0000000092200000)
 Metaspace       used 62540K, committed 63936K, reserved 1114112K
  class space    used 6509K, committed 7104K, reserved 1048576K
}
Event: 44.610 GC heap after
{Heap after GC invocations=544 (full 3):
 PSYoungGen      total 5120K, used 704K [0x00000000d5580000, 0x00000000d5b80000, 0x0000000100000000)
  eden space 4096K, 0% used [0x00000000d5580000,0x00000000d5580000,0x00000000d5980000)
  from space 1024K, 68% used [0x00000000d5980000,0x00000000d5a30000,0x00000000d5a80000)
  to   space 1024K, 0% used [0x00000000d5a80000,0x00000000d5a80000,0x00000000d5b80000)
 ParOldGen       total 296960K, used 296767K [0x0000000080000000, 0x0000000092200000, 0x00000000d5580000)
  object space 296960K, 99% used [0x0000000080000000,0x00000000921cfd30,0x0000000092200000)
 Metaspace       used 62540K, committed 63936K, reserved 1114112K
  class space    used 6509K, committed 7104K, reserved 1048576K
}
Event: 44.658 GC heap before
{Heap before GC invocations=545 (full 3):
 PSYoungGen      total 5120K, used 4800K [0x00000000d5580000, 0x00000000d5b80000, 0x0000000100000000)
  eden space 4096K, 100% used [0x00000000d5580000,0x00000000d5980000,0x00000000d5980000)
  from space 1024K, 68% used [0x00000000d5980000,0x00000000d5a30000,0x00000000d5a80000)
  to   space 1024K, 0% used [0x00000000d5a80000,0x00000000d5a80000,0x00000000d5b80000)
 ParOldGen       total 296960K, used 296767K [0x0000000080000000, 0x0000000092200000, 0x00000000d5580000)
  object space 296960K, 99% used [0x0000000080000000,0x00000000921cfd30,0x0000000092200000)
 Metaspace       used 62540K, committed 63936K, reserved 1114112K
  class space    used 6509K, committed 7104K, reserved 1048576K
}
Event: 44.660 GC heap after
{Heap after GC invocations=545 (full 3):
 PSYoungGen      total 5120K, used 672K [0x00000000d5580000, 0x00000000d5b80000, 0x0000000100000000)
  eden space 4096K, 0% used [0x00000000d5580000,0x00000000d5580000,0x00000000d5980000)
  from space 1024K, 65% used [0x00000000d5a80000,0x00000000d5b28000,0x00000000d5b80000)
  to   space 1024K, 0% used [0x00000000d5980000,0x00000000d5980000,0x00000000d5a80000)
 ParOldGen       total 297472K, used 297035K [0x0000000080000000, 0x0000000092280000, 0x00000000d5580000)
  object space 297472K, 99% used [0x0000000080000000,0x0000000092212e30,0x0000000092280000)
 Metaspace       used 62540K, committed 63936K, reserved 1114112K
  class space    used 6509K, committed 7104K, reserved 1048576K
}
Event: 44.681 GC heap before
{Heap before GC invocations=546 (full 3):
 PSYoungGen      total 5120K, used 4768K [0x00000000d5580000, 0x00000000d5b80000, 0x0000000100000000)
  eden space 4096K, 100% used [0x00000000d5580000,0x00000000d5980000,0x00000000d5980000)
  from space 1024K, 65% used [0x00000000d5a80000,0x00000000d5b28000,0x00000000d5b80000)
  to   space 1024K, 0% used [0x00000000d5980000,0x00000000d5980000,0x00000000d5a80000)
 ParOldGen       total 297472K, used 297035K [0x0000000080000000, 0x0000000092280000, 0x00000000d5580000)
  object space 297472K, 99% used [0x0000000080000000,0x0000000092212e30,0x0000000092280000)
 Metaspace       used 62545K, committed 63936K, reserved 1114112K
  class space    used 6509K, committed 7104K, reserved 1048576K
}
Event: 44.684 GC heap after
{Heap after GC invocations=546 (full 3):
 PSYoungGen      total 5120K, used 732K [0x00000000d5580000, 0x00000000d5b80000, 0x0000000100000000)
  eden space 4096K, 0% used [0x00000000d5580000,0x00000000d5580000,0x00000000d5980000)
  from space 1024K, 71% used [0x00000000d5980000,0x00000000d5a373f8,0x00000000d5a80000)
  to   space 1024K, 0% used [0x00000000d5a80000,0x00000000d5a80000,0x00000000d5b80000)
 ParOldGen       total 297472K, used 297355K [0x0000000080000000, 0x0000000092280000, 0x00000000d5580000)
  object space 297472K, 99% used [0x0000000080000000,0x0000000092262de8,0x0000000092280000)
 Metaspace       used 62545K, committed 63936K, reserved 1114112K
  class space    used 6509K, committed 7104K, reserved 1048576K
}
Event: 44.702 GC heap before
{Heap before GC invocations=547 (full 3):
 PSYoungGen      total 5120K, used 4828K [0x00000000d5580000, 0x00000000d5b80000, 0x0000000100000000)
  eden space 4096K, 100% used [0x00000000d5580000,0x00000000d5980000,0x00000000d5980000)
  from space 1024K, 71% used [0x00000000d5980000,0x00000000d5a373f8,0x00000000d5a80000)
  to   space 1024K, 0% used [0x00000000d5a80000,0x00000000d5a80000,0x00000000d5b80000)
 ParOldGen       total 297472K, used 297355K [0x0000000080000000, 0x0000000092280000, 0x00000000d5580000)
  object space 297472K, 99% used [0x0000000080000000,0x0000000092262de8,0x0000000092280000)
 Metaspace       used 62545K, committed 63936K, reserved 1114112K
  class space    used 6509K, committed 7104K, reserved 1048576K
}
Event: 44.704 GC heap after
{Heap after GC invocations=547 (full 3):
 PSYoungGen      total 5120K, used 626K [0x00000000d5580000, 0x00000000d5b80000, 0x0000000100000000)
  eden space 4096K, 0% used [0x00000000d5580000,0x00000000d5580000,0x00000000d5980000)
  from space 1024K, 61% used [0x00000000d5a80000,0x00000000d5b1cb60,0x00000000d5b80000)
  to   space 1024K, 0% used [0x00000000d5980000,0x00000000d5980000,0x00000000d5a80000)
 ParOldGen       total 297984K, used 297645K [0x0000000080000000, 0x0000000092300000, 0x00000000d5580000)
  object space 297984K, 99% used [0x0000000080000000,0x00000000922ab608,0x0000000092300000)
 Metaspace       used 62545K, committed 63936K, reserved 1114112K
  class space    used 6509K, committed 7104K, reserved 1048576K
}

Dll operation events (10 events):
Event: 0.023 Loaded shared library c:\Users\cc\.trae\extensions\redhat.java-1.49.0-win32-x64\jre\21.0.9-win32-x86_64\bin\java.dll
Event: 0.074 Loaded shared library c:\Users\cc\.trae\extensions\redhat.java-1.49.0-win32-x64\jre\21.0.9-win32-x86_64\bin\zip.dll
Event: 0.231 Loaded shared library C:\Users\cc\.trae\extensions\redhat.java-1.49.0-win32-x64\jre\21.0.9-win32-x86_64\bin\instrument.dll
Event: 0.245 Loaded shared library C:\Users\cc\.trae\extensions\redhat.java-1.49.0-win32-x64\jre\21.0.9-win32-x86_64\bin\net.dll
Event: 0.252 Loaded shared library C:\Users\cc\.trae\extensions\redhat.java-1.49.0-win32-x64\jre\21.0.9-win32-x86_64\bin\nio.dll
Event: 0.259 Loaded shared library C:\Users\cc\.trae\extensions\redhat.java-1.49.0-win32-x64\jre\21.0.9-win32-x86_64\bin\zip.dll
Event: 0.295 Loaded shared library C:\Users\cc\.trae\extensions\redhat.java-1.49.0-win32-x64\jre\21.0.9-win32-x86_64\bin\jimage.dll
Event: 0.454 Loaded shared library c:\Users\cc\.trae\extensions\redhat.java-1.49.0-win32-x64\jre\21.0.9-win32-x86_64\bin\verify.dll
Event: 2.923 Loaded shared library C:\Users\cc\AppData\Roaming\Trae\User\globalStorage\redhat.java\1.49.0\config_win\org.eclipse.equinox.launcher\org.eclipse.equinox.launcher.win32.win32.x86_64_1.2.1400.v20250801-0854\eclipse_11916.dll
Event: 6.248 Loaded shared library C:\Users\cc\AppData\Local\Temp\jna-3168\jna8885885731992749656.dll

Deoptimization events (20 events):
Event: 42.732 Thread 0x00000247687ea900 DEOPT PACKING pc=0x00000247126a744c sp=0x000000b5aa6febd0
Event: 42.732 Thread 0x00000247687ea900 DEOPT UNPACKING pc=0x0000024711563aa2 sp=0x000000b5aa6feb88 mode 2
Event: 43.599 Thread 0x00000247687ea900 Uncommon trap: trap_request=0xffffffe4 fr.pc=0x000002471272066c relative=0x0000000000000eac
Event: 43.599 Thread 0x00000247687ea900 Uncommon trap: reason=range_check action=make_not_entrant pc=0x000002471272066c method=org.eclipse.jdt.internal.compiler.parser.Scanner.internalScanIdentifierOrKeyword(II[C)Lorg/eclipse/jdt/internal/compiler/parser/TerminalToken; @ 3013 c2
Event: 43.599 Thread 0x00000247687ea900 DEOPT PACKING pc=0x000002471272066c sp=0x000000b5aa6fe8d0
Event: 43.599 Thread 0x00000247687ea900 DEOPT UNPACKING pc=0x0000024711563aa2 sp=0x000000b5aa6fe870 mode 2
Event: 43.613 Thread 0x00000247687ea900 Uncommon trap: trap_request=0xffffff45 fr.pc=0x000002471272d854 relative=0x0000000000000394
Event: 43.613 Thread 0x00000247687ea900 Uncommon trap: reason=unstable_if action=reinterpret pc=0x000002471272d854 method=java.util.zip.ZipEntry.setExtra0([BZZ)V @ 73 c2
Event: 43.613 Thread 0x00000247687ea900 DEOPT PACKING pc=0x000002471272d854 sp=0x000000b5aa6fea20
Event: 43.613 Thread 0x00000247687ea900 DEOPT UNPACKING pc=0x0000024711563aa2 sp=0x000000b5aa6fe988 mode 2
Event: 43.759 Thread 0x00000247687ea900 Uncommon trap: trap_request=0xffffffe4 fr.pc=0x000002471273a738 relative=0x00000000000009f8
Event: 43.759 Thread 0x00000247687ea900 Uncommon trap: reason=range_check action=make_not_entrant pc=0x000002471273a738 method=java.util.zip.ZipUtils.get16([BI)I @ 11 c2
Event: 43.759 Thread 0x00000247687ea900 DEOPT PACKING pc=0x000002471273a738 sp=0x000000b5aa6febe0
Event: 43.759 Thread 0x00000247687ea900 DEOPT UNPACKING pc=0x0000024711563aa2 sp=0x000000b5aa6feae0 mode 2
Event: 44.051 Thread 0x00000247687ea900 DEOPT PACKING pc=0x000002470b142342 sp=0x000000b5aa6fed20
Event: 44.051 Thread 0x00000247687ea900 DEOPT UNPACKING pc=0x0000024711564242 sp=0x000000b5aa6fe208 mode 0
Event: 44.856 Thread 0x00000247687ec9d0 Uncommon trap: trap_request=0xffffffde fr.pc=0x000002471256e3dc relative=0x0000000000000a5c
Event: 44.856 Thread 0x00000247687ec9d0 Uncommon trap: reason=class_check action=maybe_recompile pc=0x000002471256e3dc method=org.eclipse.aether.artifact.AbstractArtifact.equals(Ljava/lang/Object;)Z @ 22 c2
Event: 44.856 Thread 0x00000247687ec9d0 DEOPT PACKING pc=0x000002471256e3dc sp=0x000000b5a9dfdd00
Event: 44.857 Thread 0x00000247687ec9d0 DEOPT UNPACKING pc=0x0000024711563aa2 sp=0x000000b5a9dfdca8 mode 2

Classes loaded (20 events):
Event: 30.335 Loading class java/lang/invoke/MethodHandleImpl$CountingWrapper$1
Event: 30.335 Loading class java/lang/invoke/MethodHandleImpl$CountingWrapper$1 done
Event: 32.590 Loading class sun/nio/cs/ISO_8859_1$Encoder
Event: 32.591 Loading class sun/nio/cs/ISO_8859_1$Encoder done
Event: 32.592 Loading class sun/nio/cs/Surrogate$Parser
Event: 32.592 Loading class sun/nio/cs/Surrogate$Parser done
Event: 32.594 Loading class sun/nio/cs/Surrogate
Event: 32.594 Loading class sun/nio/cs/Surrogate done
Event: 41.629 Loading class java/util/stream/ReferencePipeline$4
Event: 41.629 Loading class java/util/stream/ReferencePipeline$4 done
Event: 41.630 Loading class java/util/stream/Nodes$IntFixedNodeBuilder
Event: 41.630 Loading class java/util/stream/Node$Builder$OfInt
Event: 41.630 Loading class java/util/stream/Node$Builder$OfInt done
Event: 41.631 Loading class java/util/stream/Nodes$IntArrayNode
Event: 41.631 Loading class java/util/stream/Nodes$IntArrayNode done
Event: 41.631 Loading class java/util/stream/Nodes$IntFixedNodeBuilder done
Event: 41.631 Loading class java/util/stream/ReferencePipeline$4$1
Event: 41.632 Loading class java/util/stream/ReferencePipeline$4$1 done
Event: 41.669 Loading class java/lang/StringLatin1$LinesSpliterator
Event: 41.669 Loading class java/lang/StringLatin1$LinesSpliterator done

Classes unloaded (9 events):
Event: 6.965 Thread 0x0000024706f31aa0 Unloading class 0x000002471f1aac00 'java/lang/invoke/LambdaForm$MH+0x000002471f1aac00'
Event: 6.965 Thread 0x0000024706f31aa0 Unloading class 0x000002471f1aa800 'java/lang/invoke/LambdaForm$MH+0x000002471f1aa800'
Event: 6.965 Thread 0x0000024706f31aa0 Unloading class 0x000002471f1aa400 'java/lang/invoke/LambdaForm$MH+0x000002471f1aa400'
Event: 6.965 Thread 0x0000024706f31aa0 Unloading class 0x000002471f1aa000 'java/lang/invoke/LambdaForm$MH+0x000002471f1aa000'
Event: 6.965 Thread 0x0000024706f31aa0 Unloading class 0x000002471f1a9c00 'java/lang/invoke/LambdaForm$BMH+0x000002471f1a9c00'
Event: 6.965 Thread 0x0000024706f31aa0 Unloading class 0x000002471f1a9800 'java/lang/invoke/LambdaForm$DMH+0x000002471f1a9800'
Event: 6.965 Thread 0x0000024706f31aa0 Unloading class 0x000002471f1a8800 'java/lang/invoke/LambdaForm$DMH+0x000002471f1a8800'
Event: 21.463 Thread 0x0000024706f31aa0 Unloading class 0x000002471f68cc00 'java/lang/invoke/LambdaForm$DMH+0x000002471f68cc00'
Event: 21.463 Thread 0x0000024706f31aa0 Unloading class 0x000002471f68c800 'java/lang/invoke/LambdaForm$DMH+0x000002471f68c800'

Classes redefined (0 events):
No events

Internal exceptions (20 events):
Event: 41.650 Thread 0x00000247687ea900 Exception <a 'java/lang/NullPointerException'{0x00000000d5756da8}> (0x00000000d5756da8) 
thrown [s\src\hotspot\share\interpreter\linkResolver.cpp, line 1372]
Event: 41.655 Thread 0x00000247687ea900 Implicit null exception at 0x000002471241a162 to 0x000002471241a5a0
Event: 41.665 Thread 0x00000247687ea900 Exception <a 'java/lang/NullPointerException'{0x00000000d55884d0}> (0x00000000d55884d0) 
thrown [s\src\hotspot\share\interpreter\linkResolver.cpp, line 1372]
Event: 41.665 Thread 0x00000247687ea900 Exception <a 'java/lang/NullPointerException'{0x00000000d5588ab0}> (0x00000000d5588ab0) 
thrown [s\src\hotspot\share\interpreter\linkResolver.cpp, line 1372]
Event: 41.670 Thread 0x00000247687ea900 Exception <a 'java/lang/NoSuchMethodError'{0x00000000d56821b0}: 'java.lang.Object java.lang.invoke.DirectMethodHandle$Holder.invokeStatic(java.lang.Object, int, java.lang.Object)'> (0x00000000d56821b0) 
thrown [s\src\hotspot\share\interpreter\linkResolver.cpp, line 773]
Event: 41.670 Thread 0x00000247687ea900 Exception <a 'java/lang/NullPointerException'{0x00000000d56a9768}> (0x00000000d56a9768) 
thrown [s\src\hotspot\share\interpreter\linkResolver.cpp, line 1372]
Event: 41.676 Thread 0x00000247687ea900 Exception <a 'java/lang/NullPointerException'{0x00000000d57b0bb0}> (0x00000000d57b0bb0) 
thrown [s\src\hotspot\share\interpreter\linkResolver.cpp, line 1372]
Event: 41.680 Thread 0x00000247687ea900 Exception <a 'java/lang/NullPointerException'{0x00000000d5875898}> (0x00000000d5875898) 
thrown [s\src\hotspot\share\interpreter\linkResolver.cpp, line 1372]
Event: 41.680 Thread 0x00000247687ea900 Exception <a 'java/lang/NullPointerException'{0x00000000d5875d78}> (0x00000000d5875d78) 
thrown [s\src\hotspot\share\interpreter\linkResolver.cpp, line 1372]
Event: 41.681 Thread 0x00000247687ea900 Exception <a 'java/lang/NullPointerException'{0x00000000d5876638}> (0x00000000d5876638) 
thrown [s\src\hotspot\share\interpreter\linkResolver.cpp, line 1372]
Event: 41.684 Thread 0x00000247687ea900 Exception <a 'java/lang/NullPointerException'{0x00000000d58915c8}> (0x00000000d58915c8) 
thrown [s\src\hotspot\share\interpreter\linkResolver.cpp, line 1372]
Event: 41.688 Thread 0x00000247687ea900 Exception <a 'java/lang/NullPointerException'{0x00000000d55a1bc0}> (0x00000000d55a1bc0) 
thrown [s\src\hotspot\share\interpreter\linkResolver.cpp, line 1372]
Event: 41.697 Thread 0x00000247687ea900 Exception <a 'java/lang/NullPointerException'{0x00000000d56e12b8}> (0x00000000d56e12b8) 
thrown [s\src\hotspot\share\interpreter\linkResolver.cpp, line 1372]
Event: 41.699 Thread 0x00000247687ea900 Exception <a 'java/lang/NullPointerException'{0x00000000d56e5cd0}> (0x00000000d56e5cd0) 
thrown [s\src\hotspot\share\interpreter\linkResolver.cpp, line 1372]
Event: 41.699 Thread 0x00000247687ea900 Exception <a 'java/lang/NullPointerException'{0x00000000d57d85d8}> (0x00000000d57d85d8) 
thrown [s\src\hotspot\share\interpreter\linkResolver.cpp, line 1372]
Event: 41.700 Thread 0x00000247687ea900 Exception <a 'java/lang/NullPointerException'{0x00000000d57d8a30}> (0x00000000d57d8a30) 
thrown [s\src\hotspot\share\interpreter\linkResolver.cpp, line 1372]
Event: 41.700 Thread 0x00000247687ea900 Exception <a 'java/lang/NullPointerException'{0x00000000d581f8e8}> (0x00000000d581f8e8) 
thrown [s\src\hotspot\share\interpreter\linkResolver.cpp, line 1372]
Event: 41.703 Thread 0x00000247687ea900 Exception <a 'java/lang/NullPointerException'{0x00000000d5584078}> (0x00000000d5584078) 
thrown [s\src\hotspot\share\interpreter\linkResolver.cpp, line 1372]
Event: 41.703 Thread 0x00000247687ea900 Exception <a 'java/lang/NullPointerException'{0x00000000d55845a8}> (0x00000000d55845a8) 
thrown [s\src\hotspot\share\interpreter\linkResolver.cpp, line 1372]
Event: 41.705 Thread 0x00000247687ea900 Implicit null exception at 0x00000247122214a7 to 0x0000024712221838

ZGC Phase Switch (0 events):
No events

VM Operations (20 events):
Event: 44.248 Executing VM operation: ParallelGCFailedAllocation (Allocation Failure)
Event: 44.250 Executing VM operation: ParallelGCFailedAllocation (Allocation Failure) done
Event: 44.322 Executing VM operation: ParallelGCFailedAllocation (Allocation Failure)
Event: 44.325 Executing VM operation: ParallelGCFailedAllocation (Allocation Failure) done
Event: 44.390 Executing VM operation: ParallelGCFailedAllocation (Allocation Failure)
Event: 44.391 Executing VM operation: ParallelGCFailedAllocation (Allocation Failure) done
Event: 44.466 Executing VM operation: ParallelGCFailedAllocation (Allocation Failure)
Event: 44.468 Executing VM operation: ParallelGCFailedAllocation (Allocation Failure) done
Event: 44.543 Executing VM operation: ParallelGCFailedAllocation (Allocation Failure)
Event: 44.545 Executing VM operation: ParallelGCFailedAllocation (Allocation Failure) done
Event: 44.579 Executing VM operation: ParallelGCFailedAllocation (Allocation Failure)
Event: 44.581 Executing VM operation: ParallelGCFailedAllocation (Allocation Failure) done
Event: 44.608 Executing VM operation: ParallelGCFailedAllocation (Allocation Failure)
Event: 44.610 Executing VM operation: ParallelGCFailedAllocation (Allocation Failure) done
Event: 44.657 Executing VM operation: ParallelGCFailedAllocation (Allocation Failure)
Event: 44.660 Executing VM operation: ParallelGCFailedAllocation (Allocation Failure) done
Event: 44.681 Executing VM operation: ParallelGCFailedAllocation (Allocation Failure)
Event: 44.684 Executing VM operation: ParallelGCFailedAllocation (Allocation Failure) done
Event: 44.702 Executing VM operation: ParallelGCFailedAllocation (Allocation Failure)
Event: 44.704 Executing VM operation: ParallelGCFailedAllocation (Allocation Failure) done

Memory protections (0 events):
No events

Nmethod flushes (20 events):
Event: 21.489 Thread 0x0000024706f31aa0 flushing  nmethod 0x000002470ac7a310
Event: 21.489 Thread 0x0000024706f31aa0 flushing  nmethod 0x000002470ac7d710
Event: 21.489 Thread 0x0000024706f31aa0 flushing  nmethod 0x000002470ac80910
Event: 21.489 Thread 0x0000024706f31aa0 flushing  nmethod 0x000002470ac81010
Event: 21.489 Thread 0x0000024706f31aa0 flushing osr nmethod 0x000002470ac84890
Event: 21.489 Thread 0x0000024706f31aa0 flushing  nmethod 0x000002470ac94010
Event: 21.489 Thread 0x0000024706f31aa0 flushing  nmethod 0x000002470ac94d10
Event: 21.489 Thread 0x0000024706f31aa0 flushing  nmethod 0x000002470acda110
Event: 21.489 Thread 0x0000024706f31aa0 flushing  nmethod 0x000002470acda490
Event: 21.489 Thread 0x0000024706f31aa0 flushing  nmethod 0x000002470acec990
Event: 21.489 Thread 0x0000024706f31aa0 flushing  nmethod 0x000002470acf9790
Event: 21.489 Thread 0x0000024706f31aa0 flushing  nmethod 0x000002470acff590
Event: 21.489 Thread 0x0000024706f31aa0 flushing  nmethod 0x000002470ad0a290
Event: 21.489 Thread 0x0000024706f31aa0 flushing  nmethod 0x000002470ad2e990
Event: 21.489 Thread 0x0000024706f31aa0 flushing  nmethod 0x000002470ad36410
Event: 21.489 Thread 0x0000024706f31aa0 flushing  nmethod 0x000002470ad39510
Event: 21.489 Thread 0x0000024706f31aa0 flushing  nmethod 0x000002470ad39b10
Event: 21.489 Thread 0x0000024706f31aa0 flushing  nmethod 0x000002470ad3ab90
Event: 21.489 Thread 0x0000024706f31aa0 flushing  nmethod 0x000002470ad41090
Event: 21.489 Thread 0x0000024706f31aa0 flushing  nmethod 0x000002470ad42d10

Events (20 events):
Event: 41.023 Thread 0x00000247687ec9d0 Thread added: 0x000002476b947200
Event: 41.023 Thread 0x00000247687ec9d0 Thread added: 0x000002476b947f20
Event: 41.023 Thread 0x00000247687ec9d0 Thread added: 0x000002476b947890
Event: 41.024 Thread 0x00000247687ec9d0 Thread added: 0x000002476b9485b0
Event: 41.024 Thread 0x00000247687ec9d0 Thread added: 0x000002476b9492d0
Event: 41.516 Thread 0x000002476c408330 Thread added: 0x000002476b7909b0
Event: 41.816 Thread 0x0000024706f429d0 Thread added: 0x0000024775d90db0
Event: 41.932 Thread 0x0000024775d90db0 Thread added: 0x000002476d3ea2c0
Event: 42.188 Thread 0x0000024706f429d0 Thread added: 0x0000024775d90660
Event: 42.188 Thread 0x0000024706f429d0 Thread added: 0x000002476b754f40
Event: 42.785 Thread 0x000002476b9485b0 Thread exited: 0x000002476b9485b0
Event: 42.785 Thread 0x000002476b9492d0 Thread exited: 0x000002476b9492d0
Event: 42.785 Thread 0x000002476b947200 Thread exited: 0x000002476b947200
Event: 42.785 Thread 0x000002476b947890 Thread exited: 0x000002476b947890
Event: 42.787 Thread 0x000002476b947f20 Thread exited: 0x000002476b947f20
Event: 43.117 Thread 0x000002476b754f40 Thread exited: 0x000002476b754f40
Event: 43.117 Thread 0x0000024775d90660 Thread exited: 0x0000024775d90660
Event: 43.419 Thread 0x0000024775d90db0 Thread exited: 0x0000024775d90db0
Event: 44.050 Thread 0x000002476b7909b0 Thread exited: 0x000002476b7909b0
Event: 44.146 Thread 0x000002476c408330 Thread exited: 0x000002476c408330


Dynamic libraries:
0x00007ff6f7e60000 - 0x00007ff6f7e6e000 	c:\Users\cc\.trae\extensions\redhat.java-1.49.0-win32-x64\jre\21.0.9-win32-x86_64\bin\java.exe
0x00007ffbcdea0000 - 0x00007ffbce108000 	C:\WINDOWS\SYSTEM32\ntdll.dll
0x00007ffbcd0d0000 - 0x00007ffbcd199000 	C:\WINDOWS\System32\KERNEL32.DLL
0x00007ffbcb490000 - 0x00007ffbcb888000 	C:\WINDOWS\System32\KERNELBASE.dll
0x00007ffbcb970000 - 0x00007ffbcbabb000 	C:\WINDOWS\System32\ucrtbase.dll
0x00007ffb99390000 - 0x00007ffb993a8000 	c:\Users\cc\.trae\extensions\redhat.java-1.49.0-win32-x64\jre\21.0.9-win32-x86_64\bin\jli.dll
0x00007ffb993b0000 - 0x00007ffb993ce000 	c:\Users\cc\.trae\extensions\redhat.java-1.49.0-win32-x64\jre\21.0.9-win32-x86_64\bin\VCRUNTIME140.dll
0x00007ffbcc100000 - 0x00007ffbcc2c7000 	C:\WINDOWS\System32\USER32.dll
0x00007ffbcb940000 - 0x00007ffbcb967000 	C:\WINDOWS\System32\win32u.dll
0x00007ffbcd300000 - 0x00007ffbcd32b000 	C:\WINDOWS\System32\GDI32.dll
0x00007ffbcb130000 - 0x00007ffbcb25c000 	C:\WINDOWS\System32\gdi32full.dll
0x00007ffbcb890000 - 0x00007ffbcb933000 	C:\WINDOWS\System32\msvcp_win.dll
0x00007ffbb28c0000 - 0x00007ffbb2b54000 	C:\WINDOWS\WinSxS\amd64_microsoft.windows.common-controls_6595b64144ccf1df_6.0.26100.7019_none_3e06ffa0e335b8a8\COMCTL32.dll
0x00007ffbcc2e0000 - 0x00007ffbcc389000 	C:\WINDOWS\System32\msvcrt.dll
0x00007ffbcd580000 - 0x00007ffbcd5b1000 	C:\WINDOWS\System32\IMM32.DLL
0x00007ffba21d0000 - 0x00007ffba21dc000 	c:\Users\cc\.trae\extensions\redhat.java-1.49.0-win32-x64\jre\21.0.9-win32-x86_64\bin\vcruntime140_1.dll
0x00007ffb7f950000 - 0x00007ffb7f9dd000 	c:\Users\cc\.trae\extensions\redhat.java-1.49.0-win32-x64\jre\21.0.9-win32-x86_64\bin\msvcp140.dll
0x00007ffacd050000 - 0x00007ffacddf0000 	c:\Users\cc\.trae\extensions\redhat.java-1.49.0-win32-x64\jre\21.0.9-win32-x86_64\bin\server\jvm.dll
0x00007ffbccd30000 - 0x00007ffbccde4000 	C:\WINDOWS\System32\ADVAPI32.dll
0x00007ffbccdf0000 - 0x00007ffbcce96000 	C:\WINDOWS\System32\sechost.dll
0x00007ffbcd9b0000 - 0x00007ffbcdac8000 	C:\WINDOWS\System32\RPCRT4.dll
0x00007ffbccb60000 - 0x00007ffbccbd4000 	C:\WINDOWS\System32\WS2_32.dll
0x00007ffbcae50000 - 0x00007ffbcaeae000 	C:\WINDOWS\SYSTEM32\POWRPROF.dll
0x00007ffbc4500000 - 0x00007ffbc450b000 	C:\WINDOWS\SYSTEM32\VERSION.dll
0x00007ffbc58c0000 - 0x00007ffbc58f5000 	C:\WINDOWS\SYSTEM32\WINMM.dll
0x00007ffbcae30000 - 0x00007ffbcae44000 	C:\WINDOWS\SYSTEM32\UMPDC.dll
0x00007ffbc9db0000 - 0x00007ffbc9dcb000 	C:\WINDOWS\SYSTEM32\kernel.appcore.dll
0x00007ffb99360000 - 0x00007ffb9936a000 	c:\Users\cc\.trae\extensions\redhat.java-1.49.0-win32-x64\jre\21.0.9-win32-x86_64\bin\jimage.dll
0x00007ffbc8670000 - 0x00007ffbc88b2000 	C:\WINDOWS\SYSTEM32\DBGHELP.DLL
0x00007ffbcdad0000 - 0x00007ffbcde5b000 	C:\WINDOWS\System32\combase.dll
0x00007ffbcd1a0000 - 0x00007ffbcd277000 	C:\WINDOWS\System32\OLEAUT32.dll
0x00007ffbb0340000 - 0x00007ffbb037c000 	C:\WINDOWS\SYSTEM32\dbgcore.DLL
0x00007ffbcaff0000 - 0x00007ffbcb095000 	C:\WINDOWS\System32\bcryptPrimitives.dll
0x00007ffb94d50000 - 0x00007ffb94d5f000 	c:\Users\cc\.trae\extensions\redhat.java-1.49.0-win32-x64\jre\21.0.9-win32-x86_64\bin\instrument.dll
0x00007ffb8d050000 - 0x00007ffb8d070000 	c:\Users\cc\.trae\extensions\redhat.java-1.49.0-win32-x64\jre\21.0.9-win32-x86_64\bin\java.dll
0x00007ffbcc390000 - 0x00007ffbccadf000 	C:\WINDOWS\System32\SHELL32.dll
0x00007ffbcb260000 - 0x00007ffbcb3cb000 	C:\WINDOWS\System32\wintypes.dll
0x00007ffbc8c00000 - 0x00007ffbc945d000 	C:\WINDOWS\SYSTEM32\windows.storage.dll
0x00007ffbcd730000 - 0x00007ffbcd822000 	C:\WINDOWS\System32\SHCORE.dll
0x00007ffbccaf0000 - 0x00007ffbccb57000 	C:\WINDOWS\System32\shlwapi.dll
0x00007ffbcaf10000 - 0x00007ffbcaf39000 	C:\WINDOWS\SYSTEM32\profapi.dll
0x00007ffb88bb0000 - 0x00007ffb88bc8000 	c:\Users\cc\.trae\extensions\redhat.java-1.49.0-win32-x64\jre\21.0.9-win32-x86_64\bin\zip.dll
0x00007ffb94d40000 - 0x00007ffb94d50000 	C:\Users\cc\.trae\extensions\redhat.java-1.49.0-win32-x64\jre\21.0.9-win32-x86_64\bin\net.dll
0x00007ffbc0e40000 - 0x00007ffbc0f68000 	C:\WINDOWS\SYSTEM32\WINHTTP.dll
0x00007ffbca320000 - 0x00007ffbca38b000 	C:\WINDOWS\system32\mswsock.dll
0x00007ffb80d60000 - 0x00007ffb80d76000 	C:\Users\cc\.trae\extensions\redhat.java-1.49.0-win32-x64\jre\21.0.9-win32-x86_64\bin\nio.dll
0x00007ffb8a960000 - 0x00007ffb8a970000 	c:\Users\cc\.trae\extensions\redhat.java-1.49.0-win32-x64\jre\21.0.9-win32-x86_64\bin\verify.dll
0x00007ffb7a7b0000 - 0x00007ffb7a7f4000 	C:\Users\cc\AppData\Roaming\Trae\User\globalStorage\redhat.java\1.49.0\config_win\org.eclipse.equinox.launcher\org.eclipse.equinox.launcher.win32.win32.x86_64_1.2.1400.v20250801-0854\eclipse_11916.dll
0x00007ffbcd3c0000 - 0x00007ffbcd557000 	C:\WINDOWS\System32\ole32.dll
0x00007ffbca5e0000 - 0x00007ffbca5fb000 	C:\WINDOWS\SYSTEM32\CRYPTSP.dll
0x00007ffbc9d10000 - 0x00007ffbc9d4a000 	C:\WINDOWS\system32\rsaenh.dll
0x00007ffbca3d0000 - 0x00007ffbca3fb000 	C:\WINDOWS\SYSTEM32\USERENV.dll
0x00007ffbcaee0000 - 0x00007ffbcaf0a000 	C:\WINDOWS\SYSTEM32\bcrypt.dll
0x00007ffbca600000 - 0x00007ffbca60c000 	C:\WINDOWS\SYSTEM32\CRYPTBASE.dll
0x00007ffbc98d0000 - 0x00007ffbc9904000 	C:\WINDOWS\SYSTEM32\IPHLPAPI.DLL
0x00007ffbcd940000 - 0x00007ffbcd94a000 	C:\WINDOWS\System32\NSI.dll
0x00007ffb82870000 - 0x00007ffb828b9000 	C:\Users\cc\AppData\Local\Temp\jna-3168\jna8885885731992749656.dll
0x00007ffbcc2d0000 - 0x00007ffbcc2d8000 	C:\WINDOWS\System32\PSAPI.DLL
0x00007ffbc41c0000 - 0x00007ffbc41de000 	C:\WINDOWS\SYSTEM32\dhcpcsvc6.DLL
0x00007ffbc0860000 - 0x00007ffbc0883000 	C:\WINDOWS\SYSTEM32\dhcpcsvc.DLL

JVMTI agents:
c:\Users\cc\.trae\extensions\redhat.java-1.49.0-win32-x64\lombok\lombok-1.18.39-4050.jar path:c:\Users\cc\.trae\extensions\redhat.java-1.49.0-win32-x64\jre\21.0.9-win32-x86_64\bin\instrument.dll, loaded, initialized, instrumentlib options:none

dbghelp: loaded successfully - version: 4.0.5 - missing functions: none
symbol engine: initialized successfully - sym options: 0x614 - pdb path: .;c:\Users\cc\.trae\extensions\redhat.java-1.49.0-win32-x64\jre\21.0.9-win32-x86_64\bin;C:\WINDOWS\SYSTEM32;C:\WINDOWS\WinSxS\amd64_microsoft.windows.common-controls_6595b64144ccf1df_6.0.26100.7019_none_3e06ffa0e335b8a8;c:\Users\cc\.trae\extensions\redhat.java-1.49.0-win32-x64\jre\21.0.9-win32-x86_64\bin\server;C:\Users\cc\AppData\Roaming\Trae\User\globalStorage\redhat.java\1.49.0\config_win\org.eclipse.equinox.launcher\org.eclipse.equinox.launcher.win32.win32.x86_64_1.2.1400.v20250801-0854;C:\Users\cc\AppData\Local\Temp\jna-3168

VM Arguments:
jvm_args: --add-modules=ALL-SYSTEM --add-opens=java.base/java.util=ALL-UNNAMED --add-opens=java.base/java.lang=ALL-UNNAMED --add-opens=java.base/sun.nio.fs=ALL-UNNAMED -Declipse.application=org.eclipse.jdt.ls.core.id1 -Dosgi.bundles.defaultStartLevel=4 -Declipse.product=org.eclipse.jdt.ls.core.product -Djava.import.generatesMetadataFilesAtProjectRoot=false -DDetectVMInstallationsJob.disabled=true -Dfile.encoding=utf8 -XX:+UseParallelGC -XX:GCTimeRatio=4 -XX:AdaptiveSizePolicyWeight=90 -Dsun.zip.disableMemoryMapping=true -Xmx2G -Xms100m -Xlog:disable -javaagent:c:\Users\cc\.trae\extensions\redhat.java-1.49.0-win32-x64\lombok\lombok-1.18.39-4050.jar -XX:+HeapDumpOnOutOfMemoryError -XX:HeapDumpPath=c:\Users\cc\AppData\Roaming\Trae\User\workspaceStorage\eaa40cd6ef464c934ee68070cc886a11\redhat.java -Daether.dependencyCollector.impl=bf 
java_command: c:\Users\cc\.trae\extensions\redhat.java-1.49.0-win32-x64\server\plugins\org.eclipse.equinox.launcher_1.7.100.v20251111-0406.jar -configuration c:\Users\cc\AppData\Roaming\Trae\User\globalStorage\redhat.java\1.49.0\config_win -data c:\Users\cc\AppData\Roaming\Trae\User\workspaceStorage\eaa40cd6ef464c934ee68070cc886a11\redhat.java\jdt_ws --pipe=\\.\pipe\lsp-6fdef00b88081ca04bfd9a1088d85dec-sock
java_class_path (initial): c:\Users\cc\.trae\extensions\redhat.java-1.49.0-win32-x64\server\plugins\org.eclipse.equinox.launcher_1.7.100.v20251111-0406.jar
Launcher Type: SUN_STANDARD

[Global flags]
    uintx AdaptiveSizePolicyWeight                 = 90                                        {product} {command line}
     intx CICompilerCount                          = 12                                        {product} {ergonomic}
    uintx GCTimeRatio                              = 4                                         {product} {command line}
     bool HeapDumpOnOutOfMemoryError               = true                                   {manageable} {command line}
    ccstr HeapDumpPath                             = c:\Users\cc\AppData\Roaming\Trae\User\workspaceStorage\eaa40cd6ef464c934ee68070cc886a11\redhat.java         {manageable} {command line}
   size_t InitialHeapSize                          = 104857600                                 {product} {command line}
   size_t MaxHeapSize                              = 2147483648                                {product} {command line}
   size_t MaxNewSize                               = 715653120                                 {product} {ergonomic}
   size_t MinHeapDeltaBytes                        = 524288                                    {product} {ergonomic}
   size_t MinHeapSize                              = 104857600                                 {product} {command line}
   size_t NewSize                                  = 34603008                                  {product} {ergonomic}
    uintx NonNMethodCodeHeapSize                   = 7602480                                {pd product} {ergonomic}
    uintx NonProfiledCodeHeapSize                  = 122027880                              {pd product} {ergonomic}
   size_t OldSize                                  = 70254592                                  {product} {ergonomic}
    uintx ProfiledCodeHeapSize                     = 122027880                              {pd product} {ergonomic}
    uintx ReservedCodeCacheSize                    = 251658240                              {pd product} {ergonomic}
     bool SegmentedCodeCache                       = true                                      {product} {ergonomic}
   size_t SoftMaxHeapSize                          = 2147483648                             {manageable} {ergonomic}
     bool UseCompressedOops                        = true                           {product lp64_product} {ergonomic}
     bool UseLargePagesIndividualAllocation        = false                                  {pd product} {ergonomic}
     bool UseParallelGC                            = true                                      {product} {command line}

Logging:
Log output configuration:
 #0: stdout all=off uptime,level,tags foldmultilines=false
 #1: stderr all=off uptime,level,tags foldmultilines=false

Release file:
JAVA_VERSION="21.0.9" 
MODULES="java.base java.compiler java.datatransfer java.xml java.prefs java.desktop java.instrument java.logging java.management java.security.sasl java.naming java.rmi java.management.rmi java.net.http java.scripting java.security.jgss java.transaction.xa java.sql java.sql.rowset java.xml.crypto java.se java.smartcardio jdk.accessibility jdk.internal.jvmstat jdk.attach jdk.charsets jdk.internal.opt jdk.zipfs jdk.compiler jdk.crypto.ec jdk.crypto.cryptoki jdk.crypto.mscapi jdk.dynalink jdk.internal.ed jdk.editpad jdk.hotspot.agent jdk.httpserver jdk.internal.le jdk.internal.vm.ci jdk.internal.vm.compiler jdk.internal.vm.compiler.management jdk.jartool jdk.javadoc jdk.jcmd jdk.management jdk.management.agent jdk.jconsole jdk.jdeps jdk.jdwp.agent jdk.jdi jdk.jfr jdk.jshell jdk.jsobject jdk.jstatd jdk.localedata jdk.management.jfr jdk.naming.dns jdk.naming.rmi jdk.net jdk.nio.mapmode jdk.random jdk.sctp jdk.security.auth jdk.security.jgss jdk.unsupported jdk.unsupported.desktop jdk.xml.dom" 

Environment Variables:
JAVA_HOME=D:\code_tool\jdk_version\21
PATH=C:\Users\cc\.trae\tools\gradle\latest\bin;D:\code_tool\jdk_version\21\bin;C:\Users\cc\.trae\tools\maven\latest\bin;C:\Windows\system32;C:\Windows;C:\Windows\System32\Wbem;C:\Windows\System32\WindowsPowerShell\v1.0\;C:\Windows\System32\OpenSSH\;C:\Program Files (x86)\NVIDIA Corporation\PhysX\Common;C:\Program Files\NVIDIA Corporation\NVIDIA NvDLISR;D:\Windows Kits\10\Windows Performance Toolkit\;D:\code_tool\anaconda;D:\code_tool\IntelliJ IDEA 2024.3.3\bin;C:\Program Files\Docker\Docker\resources\bin;D:\code_tool\Git\cmd;C:\WINDOWS\system32;C:\WINDOWS;C:\WINDOWS\System32\Wbem;C:\WINDOWS\System32\WindowsPowerShell\v1.0\;C:\WINDOWS\System32\OpenSSH\;D:\code_tool\nodejs\;D:\code_tool\nodejs\node_global;D:\code_tool\maven\apache-maven-3.9.9\bin;D:\code_tool\Tomcat\apache-tomcat-11.0.6\bin;D:\code_tool\mysql\bin;D:\code_tool\wechat_code_tool\web\dll;D:\code_tool\MATLAB\R2022b\runtime\win64;D:\code_tool\MATLAB\R2022b\bin;D:\code_tool\Xftp 8\;C:\Program Files\dotnet\;D:\code_tool\nodejs\;D:\code_tool\jdk_version\8\jdk-1.8\bin;d:\code_tool\Trae\bin;D:\code_tool\OpenBabel3.1.1\OpenBabel;C:\Users\cc\AppData\Local\Microsoft\WindowsApps;;D:\code_tool\pycharmcs\software\PyCharm 2024.2.1\bin;;D:\code_tool\vs_code\Microsoft VS Code\bin;D:\code_tool\IntelliJ IDEA\IntelliJ IDEA 2024.1.7\bin;;C:\Users\cc\AppData\Roaming\npm;D:\code_tool\cursor\resources\app\bin;d:\code_tool\Trae\resources\app\bin\lib
USERNAME=cc
OS=Windows_NT
PROCESSOR_IDENTIFIER=Intel64 Family 6 Model 183 Stepping 1, GenuineIntel
TMP=C:\Users\cc\AppData\Local\Temp
TEMP=C:\Users\cc\AppData\Local\Temp




Periodic native trim disabled

---------------  S Y S T E M  ---------------

OS:
 Windows 11 , 64 bit Build 26100 (10.0.26100.7019)
OS uptime: 11 days 1:05 hours
Hyper-V role detected

CPU: total 28 (initial active 28) (14 cores per cpu, 2 threads per core) family 6 model 183 stepping 1 microcode 0x123, cx8, cmov, fxsr, ht, mmx, 3dnowpref, sse, sse2, sse3, ssse3, sse4.1, sse4.2, popcnt, lzcnt, tsc, tscinvbit, avx, avx2, aes, erms, clmul, bmi1, bmi2, adx, sha, fma, vzeroupper, clflush, clflushopt, clwb, hv, serialize, rdtscp, rdpid, fsrm, f16c, cet_ibt, cet_ss
Processor Information for processor 0
  Max Mhz: 2100, Current Mhz: 1453, Mhz Limit: 2100
Processor Information for processor 1
  Max Mhz: 2100, Current Mhz: 1453, Mhz Limit: 2100
Processor Information for processor 2
  Max Mhz: 2100, Current Mhz: 1453, Mhz Limit: 2100
Processor Information for processor 3
  Max Mhz: 2100, Current Mhz: 1453, Mhz Limit: 2100
Processor Information for processor 4
  Max Mhz: 2100, Current Mhz: 2100, Mhz Limit: 2100
Processor Information for processor 5
  Max Mhz: 2100, Current Mhz: 2100, Mhz Limit: 2100
Processor Information for processor 6
  Max Mhz: 2100, Current Mhz: 2100, Mhz Limit: 2100
Processor Information for processor 7
  Max Mhz: 2100, Current Mhz: 2100, Mhz Limit: 2100
Processor Information for processor 8
  Max Mhz: 2100, Current Mhz: 2100, Mhz Limit: 2100
Processor Information for processor 9
  Max Mhz: 2100, Current Mhz: 2100, Mhz Limit: 2100
Processor Information for processor 10
  Max Mhz: 2100, Current Mhz: 2100, Mhz Limit: 2100
Processor Information for processor 11
  Max Mhz: 2100, Current Mhz: 2100, Mhz Limit: 2100
Processor Information for processor 12
  Max Mhz: 2100, Current Mhz: 2100, Mhz Limit: 2100
Processor Information for processor 13
  Max Mhz: 2100, Current Mhz: 2100, Mhz Limit: 2100
Processor Information for processor 14
  Max Mhz: 2100, Current Mhz: 2100, Mhz Limit: 2100
Processor Information for processor 15
  Max Mhz: 2100, Current Mhz: 2100, Mhz Limit: 2100
Processor Information for processor 16
  Max Mhz: 2100, Current Mhz: 2100, Mhz Limit: 2100
Processor Information for processor 17
  Max Mhz: 2100, Current Mhz: 2100, Mhz Limit: 2100
Processor Information for processor 18
  Max Mhz: 2100, Current Mhz: 2100, Mhz Limit: 2100
Processor Information for processor 19
  Max Mhz: 2100, Current Mhz: 2100, Mhz Limit: 2100
Processor Information for processor 20
  Max Mhz: 2100, Current Mhz: 2100, Mhz Limit: 2100
Processor Information for processor 21
  Max Mhz: 2100, Current Mhz: 2100, Mhz Limit: 2100
Processor Information for processor 22
  Max Mhz: 2100, Current Mhz: 2100, Mhz Limit: 2100
Processor Information for processor 23
  Max Mhz: 2100, Current Mhz: 2100, Mhz Limit: 2100
Processor Information for processor 24
  Max Mhz: 2100, Current Mhz: 2100, Mhz Limit: 2100
Processor Information for processor 25
  Max Mhz: 2100, Current Mhz: 2100, Mhz Limit: 2100
Processor Information for processor 26
  Max Mhz: 2100, Current Mhz: 2100, Mhz Limit: 2100
Processor Information for processor 27
  Max Mhz: 2100, Current Mhz: 2100, Mhz Limit: 2100

Memory: 4k page, system-wide physical 16159M (1368M free)
TotalPageFile size 54559M (AvailPageFile size 170M)
current process WorkingSet (physical memory assigned to process): 600M, peak: 601M
current process commit charge ("private bytes"): 717M, peak: 719M

vm_info: OpenJDK 64-Bit Server VM (21.0.9+10-LTS) for windows-amd64 JRE (21.0.9+10-LTS), built on 2025-10-21T00:00:00Z by "admin" with unknown MS VC++:1942

END.
